::1 - - [11/Jul/2016:22:41:30 +0000] "GET /profile HTTP/1.1" 304 - "-" "Mozilla/5.0 (Macintosh; Intel Mac OS X 10_11_2) AppleWebKit/537.36 (KHTML, like Gecko) Chrome/51.0.2704.103 Safari/537.36"
::1 - - [11/Jul/2016:22:41:30 +0000] "GET /css/bootstrap.min.css HTTP/1.1" 304 - "http://localhost:8080/profile" "Mozilla/5.0 (Macintosh; Intel Mac OS X 10_11_2) AppleWebKit/537.36 (KHTML, like Gecko) Chrome/51.0.2704.103 Safari/537.36"
::1 - - [11/Jul/2016:22:41:30 +0000] "GET /js/bootstrap.min.js HTTP/1.1" 304 - "http://localhost:8080/profile" "Mozilla/5.0 (Macintosh; Intel Mac OS X 10_11_2) AppleWebKit/537.36 (KHTML, like Gecko) Chrome/51.0.2704.103 Safari/537.36"
::1 - - [11/Jul/2016:22:41:30 +0000] "GET /js/jquery.min.js HTTP/1.1" 304 - "http://localhost:8080/profile" "Mozilla/5.0 (Macintosh; Intel Mac OS X 10_11_2) AppleWebKit/537.36 (KHTML, like Gecko) Chrome/51.0.2704.103 Safari/537.36"
::1 - - [11/Jul/2016:22:41:35 +0000] "GET /profile HTTP/1.1" 304 - "-" "Mozilla/5.0 (Macintosh; Intel Mac OS X 10_11_2) AppleWebKit/537.36 (KHTML, like Gecko) Chrome/51.0.2704.103 Safari/537.36"
::1 - - [11/Jul/2016:22:41:35 +0000] "GET /css/bootstrap.min.css HTTP/1.1" 304 - "http://localhost:8080/profile" "Mozilla/5.0 (Macintosh; Intel Mac OS X 10_11_2) AppleWebKit/537.36 (KHTML, like Gecko) Chrome/51.0.2704.103 Safari/537.36"
::1 - - [11/Jul/2016:22:41:35 +0000] "GET /js/bootstrap.min.js HTTP/1.1" 304 - "http://localhost:8080/profile" "Mozilla/5.0 (Macintosh; Intel Mac OS X 10_11_2) AppleWebKit/537.36 (KHTML, like Gecko) Chrome/51.0.2704.103 Safari/537.36"
::1 - - [11/Jul/2016:22:41:35 +0000] "GET /js/jquery.min.js HTTP/1.1" 304 - "http://localhost:8080/profile" "Mozilla/5.0 (Macintosh; Intel Mac OS X 10_11_2) AppleWebKit/537.36 (KHTML, like Gecko) Chrome/51.0.2704.103 Safari/537.36"
::1 - - [11/Jul/2016:22:41:37 +0000] "GET / HTTP/1.1" 200 - "http://localhost:8080/profile" "Mozilla/5.0 (Macintosh; Intel Mac OS X 10_11_2) AppleWebKit/537.36 (KHTML, like Gecko) Chrome/51.0.2704.103 Safari/537.36"
::1 - - [11/Jul/2016:22:41:38 +0000] "GET /css/bootstrap.min.css HTTP/1.1" 304 - "http://localhost:8080/" "Mozilla/5.0 (Macintosh; Intel Mac OS X 10_11_2) AppleWebKit/537.36 (KHTML, like Gecko) Chrome/51.0.2704.103 Safari/537.36"
::1 - - [11/Jul/2016:22:41:38 +0000] "GET /js/jquery.min.js HTTP/1.1" 304 - "http://localhost:8080/" "Mozilla/5.0 (Macintosh; Intel Mac OS X 10_11_2) AppleWebKit/537.36 (KHTML, like Gecko) Chrome/51.0.2704.103 Safari/537.36"
::1 - - [11/Jul/2016:22:41:38 +0000] "GET /js/bootstrap.min.js HTTP/1.1" 304 - "http://localhost:8080/" "Mozilla/5.0 (Macintosh; Intel Mac OS X 10_11_2) AppleWebKit/537.36 (KHTML, like Gecko) Chrome/51.0.2704.103 Safari/537.36"
::1 - - [11/Jul/2016:22:41:43 +0000] "GET /HJ8xYqbw HTTP/1.1" 200 - "http://localhost:8080/" "Mozilla/5.0 (Macintosh; Intel Mac OS X 10_11_2) AppleWebKit/537.36 (KHTML, like Gecko) Chrome/51.0.2704.103 Safari/537.36"
::1 - - [11/Jul/2016:22:41:44 +0000] "GET /css/bootstrap.min.css HTTP/1.1" 304 - "http://localhost:8080/HJ8xYqbw" "Mozilla/5.0 (Macintosh; Intel Mac OS X 10_11_2) AppleWebKit/537.36 (KHTML, like Gecko) Chrome/51.0.2704.103 Safari/537.36"
::1 - - [11/Jul/2016:22:41:44 +0000] "GET /js/bootstrap.min.js HTTP/1.1" 304 - "http://localhost:8080/HJ8xYqbw" "Mozilla/5.0 (Macintosh; Intel Mac OS X 10_11_2) AppleWebKit/537.36 (KHTML, like Gecko) Chrome/51.0.2704.103 Safari/537.36"
::1 - - [11/Jul/2016:22:41:44 +0000] "GET /js/jquery.min.js HTTP/1.1" 304 - "http://localhost:8080/HJ8xYqbw" "Mozilla/5.0 (Macintosh; Intel Mac OS X 10_11_2) AppleWebKit/537.36 (KHTML, like Gecko) Chrome/51.0.2704.103 Safari/537.36"
::1 - - [11/Jul/2016:22:41:44 +0000] "GET /ryON-tWD HTTP/1.1" 200 - "http://localhost:8080/HJ8xYqbw" "Mozilla/5.0 (Macintosh; Intel Mac OS X 10_11_2) AppleWebKit/537.36 (KHTML, like Gecko) Chrome/51.0.2704.103 Safari/537.36"
::1 - - [11/Jul/2016:22:41:45 +0000] "GET /css/bootstrap.min.css HTTP/1.1" 304 - "http://localhost:8080/ryON-tWD" "Mozilla/5.0 (Macintosh; Intel Mac OS X 10_11_2) AppleWebKit/537.36 (KHTML, like Gecko) Chrome/51.0.2704.103 Safari/537.36"
::1 - - [11/Jul/2016:22:41:45 +0000] "GET /js/bootstrap.min.js HTTP/1.1" 304 - "http://localhost:8080/ryON-tWD" "Mozilla/5.0 (Macintosh; Intel Mac OS X 10_11_2) AppleWebKit/537.36 (KHTML, like Gecko) Chrome/51.0.2704.103 Safari/537.36"
::1 - - [11/Jul/2016:22:41:45 +0000] "GET /js/jquery.min.js HTTP/1.1" 304 - "http://localhost:8080/ryON-tWD" "Mozilla/5.0 (Macintosh; Intel Mac OS X 10_11_2) AppleWebKit/537.36 (KHTML, like Gecko) Chrome/51.0.2704.103 Safari/537.36"
::1 - - [11/Jul/2016:22:41:45 +0000] "GET /rym8XVZw HTTP/1.1" 200 - "http://localhost:8080/ryON-tWD" "Mozilla/5.0 (Macintosh; Intel Mac OS X 10_11_2) AppleWebKit/537.36 (KHTML, like Gecko) Chrome/51.0.2704.103 Safari/537.36"
::1 - - [11/Jul/2016:22:41:45 +0000] "GET /css/bootstrap.min.css HTTP/1.1" 304 - "http://localhost:8080/rym8XVZw" "Mozilla/5.0 (Macintosh; Intel Mac OS X 10_11_2) AppleWebKit/537.36 (KHTML, like Gecko) Chrome/51.0.2704.103 Safari/537.36"
::1 - - [11/Jul/2016:22:41:45 +0000] "GET /js/bootstrap.min.js HTTP/1.1" 304 - "http://localhost:8080/rym8XVZw" "Mozilla/5.0 (Macintosh; Intel Mac OS X 10_11_2) AppleWebKit/537.36 (KHTML, like Gecko) Chrome/51.0.2704.103 Safari/537.36"
::1 - - [11/Jul/2016:22:41:45 +0000] "GET /js/jquery.min.js HTTP/1.1" 304 - "http://localhost:8080/rym8XVZw" "Mozilla/5.0 (Macintosh; Intel Mac OS X 10_11_2) AppleWebKit/537.36 (KHTML, like Gecko) Chrome/51.0.2704.103 Safari/537.36"
::1 - - [11/Jul/2016:22:41:46 +0000] "GET /B1SMCETU HTTP/1.1" 200 - "http://localhost:8080/rym8XVZw" "Mozilla/5.0 (Macintosh; Intel Mac OS X 10_11_2) AppleWebKit/537.36 (KHTML, like Gecko) Chrome/51.0.2704.103 Safari/537.36"
::1 - - [11/Jul/2016:22:41:46 +0000] "GET /css/bootstrap.min.css HTTP/1.1" 304 - "http://localhost:8080/B1SMCETU" "Mozilla/5.0 (Macintosh; Intel Mac OS X 10_11_2) AppleWebKit/537.36 (KHTML, like Gecko) Chrome/51.0.2704.103 Safari/537.36"
::1 - - [11/Jul/2016:22:41:46 +0000] "GET /js/bootstrap.min.js HTTP/1.1" 304 - "http://localhost:8080/B1SMCETU" "Mozilla/5.0 (Macintosh; Intel Mac OS X 10_11_2) AppleWebKit/537.36 (KHTML, like Gecko) Chrome/51.0.2704.103 Safari/537.36"
::1 - - [11/Jul/2016:22:41:46 +0000] "GET /js/jquery.min.js HTTP/1.1" 304 - "http://localhost:8080/B1SMCETU" "Mozilla/5.0 (Macintosh; Intel Mac OS X 10_11_2) AppleWebKit/537.36 (KHTML, like Gecko) Chrome/51.0.2704.103 Safari/537.36"
::1 - - [11/Jul/2016:22:42:20 +0000] "GET /B1SMCETU HTTP/1.1" 304 - "http://localhost:8080/B1SMCETU" "Mozilla/5.0 (Macintosh; Intel Mac OS X 10_11_2) AppleWebKit/537.36 (KHTML, like Gecko) Chrome/51.0.2704.103 Safari/537.36"
::1 - - [11/Jul/2016:22:42:21 +0000] "GET /css/bootstrap.min.css HTTP/1.1" 304 - "http://localhost:8080/B1SMCETU" "Mozilla/5.0 (Macintosh; Intel Mac OS X 10_11_2) AppleWebKit/537.36 (KHTML, like Gecko) Chrome/51.0.2704.103 Safari/537.36"
::1 - - [11/Jul/2016:22:42:21 +0000] "GET /js/bootstrap.min.js HTTP/1.1" 304 - "http://localhost:8080/B1SMCETU" "Mozilla/5.0 (Macintosh; Intel Mac OS X 10_11_2) AppleWebKit/537.36 (KHTML, like Gecko) Chrome/51.0.2704.103 Safari/537.36"
::1 - - [11/Jul/2016:22:42:21 +0000] "GET /js/jquery.min.js HTTP/1.1" 304 - "http://localhost:8080/B1SMCETU" "Mozilla/5.0 (Macintosh; Intel Mac OS X 10_11_2) AppleWebKit/537.36 (KHTML, like Gecko) Chrome/51.0.2704.103 Safari/537.36"
::1 - - [11/Jul/2016:22:42:23 +0000] "GET / HTTP/1.1" 200 - "http://localhost:8080/B1SMCETU" "Mozilla/5.0 (Macintosh; Intel Mac OS X 10_11_2) AppleWebKit/537.36 (KHTML, like Gecko) Chrome/51.0.2704.103 Safari/537.36"
::1 - - [11/Jul/2016:22:42:24 +0000] "GET /css/bootstrap.min.css HTTP/1.1" 304 - "http://localhost:8080/" "Mozilla/5.0 (Macintosh; Intel Mac OS X 10_11_2) AppleWebKit/537.36 (KHTML, like Gecko) Chrome/51.0.2704.103 Safari/537.36"
::1 - - [11/Jul/2016:22:42:24 +0000] "GET /js/jquery.min.js HTTP/1.1" 304 - "http://localhost:8080/" "Mozilla/5.0 (Macintosh; Intel Mac OS X 10_11_2) AppleWebKit/537.36 (KHTML, like Gecko) Chrome/51.0.2704.103 Safari/537.36"
::1 - - [11/Jul/2016:22:42:24 +0000] "GET /js/bootstrap.min.js HTTP/1.1" 304 - "http://localhost:8080/" "Mozilla/5.0 (Macintosh; Intel Mac OS X 10_11_2) AppleWebKit/537.36 (KHTML, like Gecko) Chrome/51.0.2704.103 Safari/537.36"
::1 - - [11/Jul/2016:22:42:49 +0000] "GET /snippets HTTP/1.1" 404 - "http://localhost:8080/" "Mozilla/5.0 (Macintosh; Intel Mac OS X 10_11_2) AppleWebKit/537.36 (KHTML, like Gecko) Chrome/51.0.2704.103 Safari/537.36"
::1 - - [11/Jul/2016:22:42:49 +0000] "GET /css/bootstrap.min.css HTTP/1.1" 304 - "http://localhost:8080/snippets" "Mozilla/5.0 (Macintosh; Intel Mac OS X 10_11_2) AppleWebKit/537.36 (KHTML, like Gecko) Chrome/51.0.2704.103 Safari/537.36"
::1 - - [11/Jul/2016:22:42:49 +0000] "GET /js/jquery.min.js HTTP/1.1" 304 - "http://localhost:8080/snippets" "Mozilla/5.0 (Macintosh; Intel Mac OS X 10_11_2) AppleWebKit/537.36 (KHTML, like Gecko) Chrome/51.0.2704.103 Safari/537.36"
::1 - - [11/Jul/2016:22:42:49 +0000] "GET /js/bootstrap.min.js HTTP/1.1" 304 - "http://localhost:8080/snippets" "Mozilla/5.0 (Macintosh; Intel Mac OS X 10_11_2) AppleWebKit/537.36 (KHTML, like Gecko) Chrome/51.0.2704.103 Safari/537.36"
::1 - - [11/Jul/2016:22:42:51 +0000] "GET /profile HTTP/1.1" 304 - "http://localhost:8080/snippets" "Mozilla/5.0 (Macintosh; Intel Mac OS X 10_11_2) AppleWebKit/537.36 (KHTML, like Gecko) Chrome/51.0.2704.103 Safari/537.36"
::1 - - [11/Jul/2016:22:42:52 +0000] "GET /css/bootstrap.min.css HTTP/1.1" 304 - "http://localhost:8080/profile" "Mozilla/5.0 (Macintosh; Intel Mac OS X 10_11_2) AppleWebKit/537.36 (KHTML, like Gecko) Chrome/51.0.2704.103 Safari/537.36"
::1 - - [11/Jul/2016:22:42:52 +0000] "GET /js/bootstrap.min.js HTTP/1.1" 304 - "http://localhost:8080/profile" "Mozilla/5.0 (Macintosh; Intel Mac OS X 10_11_2) AppleWebKit/537.36 (KHTML, like Gecko) Chrome/51.0.2704.103 Safari/537.36"
::1 - - [11/Jul/2016:22:42:52 +0000] "GET /js/jquery.min.js HTTP/1.1" 304 - "http://localhost:8080/profile" "Mozilla/5.0 (Macintosh; Intel Mac OS X 10_11_2) AppleWebKit/537.36 (KHTML, like Gecko) Chrome/51.0.2704.103 Safari/537.36"
::1 - - [11/Jul/2016:22:42:52 +0000] "GET / HTTP/1.1" 200 - "http://localhost:8080/profile" "Mozilla/5.0 (Macintosh; Intel Mac OS X 10_11_2) AppleWebKit/537.36 (KHTML, like Gecko) Chrome/51.0.2704.103 Safari/537.36"
::1 - - [11/Jul/2016:22:42:52 +0000] "GET /css/bootstrap.min.css HTTP/1.1" 304 - "http://localhost:8080/" "Mozilla/5.0 (Macintosh; Intel Mac OS X 10_11_2) AppleWebKit/537.36 (KHTML, like Gecko) Chrome/51.0.2704.103 Safari/537.36"
::1 - - [11/Jul/2016:22:42:52 +0000] "GET /js/bootstrap.min.js HTTP/1.1" 304 - "http://localhost:8080/" "Mozilla/5.0 (Macintosh; Intel Mac OS X 10_11_2) AppleWebKit/537.36 (KHTML, like Gecko) Chrome/51.0.2704.103 Safari/537.36"
::1 - - [11/Jul/2016:22:42:52 +0000] "GET /js/jquery.min.js HTTP/1.1" 304 - "http://localhost:8080/" "Mozilla/5.0 (Macintosh; Intel Mac OS X 10_11_2) AppleWebKit/537.36 (KHTML, like Gecko) Chrome/51.0.2704.103 Safari/537.36"
::1 - - [11/Jul/2016:22:43:04 +0000] "GET /profile HTTP/1.1" 304 - "http://localhost:8080/" "Mozilla/5.0 (Macintosh; Intel Mac OS X 10_11_2) AppleWebKit/537.36 (KHTML, like Gecko) Chrome/51.0.2704.103 Safari/537.36"
::1 - - [11/Jul/2016:22:43:04 +0000] "GET /css/bootstrap.min.css HTTP/1.1" 304 - "http://localhost:8080/profile" "Mozilla/5.0 (Macintosh; Intel Mac OS X 10_11_2) AppleWebKit/537.36 (KHTML, like Gecko) Chrome/51.0.2704.103 Safari/537.36"
::1 - - [11/Jul/2016:22:43:04 +0000] "GET /js/jquery.min.js HTTP/1.1" 304 - "http://localhost:8080/profile" "Mozilla/5.0 (Macintosh; Intel Mac OS X 10_11_2) AppleWebKit/537.36 (KHTML, like Gecko) Chrome/51.0.2704.103 Safari/537.36"
::1 - - [11/Jul/2016:22:43:04 +0000] "GET /js/bootstrap.min.js HTTP/1.1" 304 - "http://localhost:8080/profile" "Mozilla/5.0 (Macintosh; Intel Mac OS X 10_11_2) AppleWebKit/537.36 (KHTML, like Gecko) Chrome/51.0.2704.103 Safari/537.36"
::1 - - [11/Jul/2016:22:43:09 +0000] "GET /destroy HTTP/1.1" 500 - "http://localhost:8080/profile" "Mozilla/5.0 (Macintosh; Intel Mac OS X 10_11_2) AppleWebKit/537.36 (KHTML, like Gecko) Chrome/51.0.2704.103 Safari/537.36"
::1 - - [11/Jul/2016:22:44:08 +0000] "GET /destroy HTTP/1.1" 302 46 "-" "Mozilla/5.0 (Macintosh; Intel Mac OS X 10_11_2) AppleWebKit/537.36 (KHTML, like Gecko) Chrome/51.0.2704.103 Safari/537.36"
::1 - - [11/Jul/2016:22:45:05 +0000] "GET / HTTP/1.1" 200 - "-" "Mozilla/5.0 (Macintosh; Intel Mac OS X 10_11_2) AppleWebKit/537.36 (KHTML, like Gecko) Chrome/51.0.2704.103 Safari/537.36"
::1 - - [11/Jul/2016:22:45:06 +0000] "GET /css/bootstrap.min.css HTTP/1.1" 304 - "http://localhost:8080/" "Mozilla/5.0 (Macintosh; Intel Mac OS X 10_11_2) AppleWebKit/537.36 (KHTML, like Gecko) Chrome/51.0.2704.103 Safari/537.36"
::1 - - [11/Jul/2016:22:45:06 +0000] "GET /js/bootstrap.min.js HTTP/1.1" 304 - "http://localhost:8080/" "Mozilla/5.0 (Macintosh; Intel Mac OS X 10_11_2) AppleWebKit/537.36 (KHTML, like Gecko) Chrome/51.0.2704.103 Safari/537.36"
::1 - - [11/Jul/2016:22:45:06 +0000] "GET /js/jquery.min.js HTTP/1.1" 304 - "http://localhost:8080/" "Mozilla/5.0 (Macintosh; Intel Mac OS X 10_11_2) AppleWebKit/537.36 (KHTML, like Gecko) Chrome/51.0.2704.103 Safari/537.36"
::1 - - [11/Jul/2016:22:54:22 +0000] "POST / HTTP/1.1" 302 62 "http://localhost:8080/" "Mozilla/5.0 (Macintosh; Intel Mac OS X 10_11_2) AppleWebKit/537.36 (KHTML, like Gecko) Chrome/51.0.2704.103 Safari/537.36"
::1 - - [11/Jul/2016:22:54:22 +0000] "GET /SkIo7j-v HTTP/1.1" 200 - "http://localhost:8080/" "Mozilla/5.0 (Macintosh; Intel Mac OS X 10_11_2) AppleWebKit/537.36 (KHTML, like Gecko) Chrome/51.0.2704.103 Safari/537.36"
::1 - - [11/Jul/2016:22:54:23 +0000] "GET /css/bootstrap.min.css HTTP/1.1" 304 - "http://localhost:8080/SkIo7j-v" "Mozilla/5.0 (Macintosh; Intel Mac OS X 10_11_2) AppleWebKit/537.36 (KHTML, like Gecko) Chrome/51.0.2704.103 Safari/537.36"
::1 - - [11/Jul/2016:22:54:23 +0000] "GET /js/bootstrap.min.js HTTP/1.1" 304 - "http://localhost:8080/SkIo7j-v" "Mozilla/5.0 (Macintosh; Intel Mac OS X 10_11_2) AppleWebKit/537.36 (KHTML, like Gecko) Chrome/51.0.2704.103 Safari/537.36"
::1 - - [11/Jul/2016:22:54:23 +0000] "GET /js/jquery.min.js HTTP/1.1" 304 - "http://localhost:8080/SkIo7j-v" "Mozilla/5.0 (Macintosh; Intel Mac OS X 10_11_2) AppleWebKit/537.36 (KHTML, like Gecko) Chrome/51.0.2704.103 Safari/537.36"
::1 - - [11/Jul/2016:22:54:40 +0000] "GET /login HTTP/1.1" 200 - "http://localhost:8080/SkIo7j-v" "Mozilla/5.0 (Macintosh; Intel Mac OS X 10_11_2) AppleWebKit/537.36 (KHTML, like Gecko) Chrome/51.0.2704.103 Safari/537.36"
::1 - - [11/Jul/2016:22:54:41 +0000] "GET /css/bootstrap.min.css HTTP/1.1" 304 - "http://localhost:8080/login" "Mozilla/5.0 (Macintosh; Intel Mac OS X 10_11_2) AppleWebKit/537.36 (KHTML, like Gecko) Chrome/51.0.2704.103 Safari/537.36"
::1 - - [11/Jul/2016:22:54:41 +0000] "GET /js/bootstrap.min.js HTTP/1.1" 304 - "http://localhost:8080/login" "Mozilla/5.0 (Macintosh; Intel Mac OS X 10_11_2) AppleWebKit/537.36 (KHTML, like Gecko) Chrome/51.0.2704.103 Safari/537.36"
::1 - - [11/Jul/2016:22:54:41 +0000] "GET /js/jquery.min.js HTTP/1.1" 304 - "http://localhost:8080/login" "Mozilla/5.0 (Macintosh; Intel Mac OS X 10_11_2) AppleWebKit/537.36 (KHTML, like Gecko) Chrome/51.0.2704.103 Safari/537.36"
::1 - - [11/Jul/2016:22:54:44 +0000] "POST /login HTTP/1.1" 302 56 "http://localhost:8080/login" "Mozilla/5.0 (Macintosh; Intel Mac OS X 10_11_2) AppleWebKit/537.36 (KHTML, like Gecko) Chrome/51.0.2704.103 Safari/537.36"
::1 - - [11/Jul/2016:22:54:44 +0000] "GET /login HTTP/1.1" 200 - "http://localhost:8080/login" "Mozilla/5.0 (Macintosh; Intel Mac OS X 10_11_2) AppleWebKit/537.36 (KHTML, like Gecko) Chrome/51.0.2704.103 Safari/537.36"
::1 - - [11/Jul/2016:22:54:44 +0000] "GET /css/bootstrap.min.css HTTP/1.1" 304 - "http://localhost:8080/login" "Mozilla/5.0 (Macintosh; Intel Mac OS X 10_11_2) AppleWebKit/537.36 (KHTML, like Gecko) Chrome/51.0.2704.103 Safari/537.36"
::1 - - [11/Jul/2016:22:54:44 +0000] "GET /js/bootstrap.min.js HTTP/1.1" 304 - "http://localhost:8080/login" "Mozilla/5.0 (Macintosh; Intel Mac OS X 10_11_2) AppleWebKit/537.36 (KHTML, like Gecko) Chrome/51.0.2704.103 Safari/537.36"
::1 - - [11/Jul/2016:22:54:44 +0000] "GET /js/jquery.min.js HTTP/1.1" 304 - "http://localhost:8080/login" "Mozilla/5.0 (Macintosh; Intel Mac OS X 10_11_2) AppleWebKit/537.36 (KHTML, like Gecko) Chrome/51.0.2704.103 Safari/537.36"
::1 - - [11/Jul/2016:22:54:47 +0000] "GET /signup HTTP/1.1" 200 - "http://localhost:8080/login" "Mozilla/5.0 (Macintosh; Intel Mac OS X 10_11_2) AppleWebKit/537.36 (KHTML, like Gecko) Chrome/51.0.2704.103 Safari/537.36"
::1 - - [11/Jul/2016:22:54:47 +0000] "GET /css/bootstrap.min.css HTTP/1.1" 304 - "http://localhost:8080/signup" "Mozilla/5.0 (Macintosh; Intel Mac OS X 10_11_2) AppleWebKit/537.36 (KHTML, like Gecko) Chrome/51.0.2704.103 Safari/537.36"
::1 - - [11/Jul/2016:22:54:47 +0000] "GET /js/bootstrap.min.js HTTP/1.1" 304 - "http://localhost:8080/signup" "Mozilla/5.0 (Macintosh; Intel Mac OS X 10_11_2) AppleWebKit/537.36 (KHTML, like Gecko) Chrome/51.0.2704.103 Safari/537.36"
::1 - - [11/Jul/2016:22:54:47 +0000] "GET /js/jquery.min.js HTTP/1.1" 304 - "http://localhost:8080/signup" "Mozilla/5.0 (Macintosh; Intel Mac OS X 10_11_2) AppleWebKit/537.36 (KHTML, like Gecko) Chrome/51.0.2704.103 Safari/537.36"
::1 - - [11/Jul/2016:22:54:54 +0000] "POST /signup HTTP/1.1" 302 60 "http://localhost:8080/signup" "Mozilla/5.0 (Macintosh; Intel Mac OS X 10_11_2) AppleWebKit/537.36 (KHTML, like Gecko) Chrome/51.0.2704.103 Safari/537.36"
::1 - - [11/Jul/2016:22:54:54 +0000] "GET /profile HTTP/1.1" 200 - "http://localhost:8080/signup" "Mozilla/5.0 (Macintosh; Intel Mac OS X 10_11_2) AppleWebKit/537.36 (KHTML, like Gecko) Chrome/51.0.2704.103 Safari/537.36"
::1 - - [11/Jul/2016:22:54:54 +0000] "GET /css/bootstrap.min.css HTTP/1.1" 304 - "http://localhost:8080/profile" "Mozilla/5.0 (Macintosh; Intel Mac OS X 10_11_2) AppleWebKit/537.36 (KHTML, like Gecko) Chrome/51.0.2704.103 Safari/537.36"
::1 - - [11/Jul/2016:22:54:54 +0000] "GET /js/jquery.min.js HTTP/1.1" 304 - "http://localhost:8080/profile" "Mozilla/5.0 (Macintosh; Intel Mac OS X 10_11_2) AppleWebKit/537.36 (KHTML, like Gecko) Chrome/51.0.2704.103 Safari/537.36"
::1 - - [11/Jul/2016:22:54:54 +0000] "GET /js/bootstrap.min.js HTTP/1.1" 304 - "http://localhost:8080/profile" "Mozilla/5.0 (Macintosh; Intel Mac OS X 10_11_2) AppleWebKit/537.36 (KHTML, like Gecko) Chrome/51.0.2704.103 Safari/537.36"
::1 - - [11/Jul/2016:22:56:05 +0000] "GET / HTTP/1.1" 200 - "http://localhost:8080/profile" "Mozilla/5.0 (Macintosh; Intel Mac OS X 10_11_2) AppleWebKit/537.36 (KHTML, like Gecko) Chrome/51.0.2704.103 Safari/537.36"
::1 - - [11/Jul/2016:22:56:06 +0000] "GET /css/bootstrap.min.css HTTP/1.1" 304 - "http://localhost:8080/" "Mozilla/5.0 (Macintosh; Intel Mac OS X 10_11_2) AppleWebKit/537.36 (KHTML, like Gecko) Chrome/51.0.2704.103 Safari/537.36"
::1 - - [11/Jul/2016:22:56:06 +0000] "GET /js/bootstrap.min.js HTTP/1.1" 304 - "http://localhost:8080/" "Mozilla/5.0 (Macintosh; Intel Mac OS X 10_11_2) AppleWebKit/537.36 (KHTML, like Gecko) Chrome/51.0.2704.103 Safari/537.36"
::1 - - [11/Jul/2016:22:56:06 +0000] "GET /js/jquery.min.js HTTP/1.1" 304 - "http://localhost:8080/" "Mozilla/5.0 (Macintosh; Intel Mac OS X 10_11_2) AppleWebKit/537.36 (KHTML, like Gecko) Chrome/51.0.2704.103 Safari/537.36"
::1 - - [11/Jul/2016:22:56:08 +0000] "GET /snippets HTTP/1.1" 404 - "http://localhost:8080/" "Mozilla/5.0 (Macintosh; Intel Mac OS X 10_11_2) AppleWebKit/537.36 (KHTML, like Gecko) Chrome/51.0.2704.103 Safari/537.36"
::1 - - [11/Jul/2016:22:56:08 +0000] "GET /css/bootstrap.min.css HTTP/1.1" 304 - "http://localhost:8080/snippets" "Mozilla/5.0 (Macintosh; Intel Mac OS X 10_11_2) AppleWebKit/537.36 (KHTML, like Gecko) Chrome/51.0.2704.103 Safari/537.36"
::1 - - [11/Jul/2016:22:56:08 +0000] "GET /js/bootstrap.min.js HTTP/1.1" 304 - "http://localhost:8080/snippets" "Mozilla/5.0 (Macintosh; Intel Mac OS X 10_11_2) AppleWebKit/537.36 (KHTML, like Gecko) Chrome/51.0.2704.103 Safari/537.36"
::1 - - [11/Jul/2016:22:56:08 +0000] "GET /js/jquery.min.js HTTP/1.1" 304 - "http://localhost:8080/snippets" "Mozilla/5.0 (Macintosh; Intel Mac OS X 10_11_2) AppleWebKit/537.36 (KHTML, like Gecko) Chrome/51.0.2704.103 Safari/537.36"
::1 - - [11/Jul/2016:22:57:50 +0000] "GET /snippets HTTP/1.1" 404 - "http://localhost:8080/snippets" "Mozilla/5.0 (Macintosh; Intel Mac OS X 10_11_2) AppleWebKit/537.36 (KHTML, like Gecko) Chrome/51.0.2704.103 Safari/537.36"
::1 - - [11/Jul/2016:22:57:50 +0000] "GET /css/bootstrap.min.css HTTP/1.1" 304 - "http://localhost:8080/snippets" "Mozilla/5.0 (Macintosh; Intel Mac OS X 10_11_2) AppleWebKit/537.36 (KHTML, like Gecko) Chrome/51.0.2704.103 Safari/537.36"
::1 - - [11/Jul/2016:22:57:50 +0000] "GET /js/bootstrap.min.js HTTP/1.1" 304 - "http://localhost:8080/snippets" "Mozilla/5.0 (Macintosh; Intel Mac OS X 10_11_2) AppleWebKit/537.36 (KHTML, like Gecko) Chrome/51.0.2704.103 Safari/537.36"
::1 - - [11/Jul/2016:22:57:50 +0000] "GET /js/jquery.min.js HTTP/1.1" 304 - "http://localhost:8080/snippets" "Mozilla/5.0 (Macintosh; Intel Mac OS X 10_11_2) AppleWebKit/537.36 (KHTML, like Gecko) Chrome/51.0.2704.103 Safari/537.36"
::1 - - [11/Jul/2016:22:57:51 +0000] "GET / HTTP/1.1" 200 - "http://localhost:8080/snippets" "Mozilla/5.0 (Macintosh; Intel Mac OS X 10_11_2) AppleWebKit/537.36 (KHTML, like Gecko) Chrome/51.0.2704.103 Safari/537.36"
::1 - - [11/Jul/2016:22:57:52 +0000] "GET /css/bootstrap.min.css HTTP/1.1" 304 - "http://localhost:8080/" "Mozilla/5.0 (Macintosh; Intel Mac OS X 10_11_2) AppleWebKit/537.36 (KHTML, like Gecko) Chrome/51.0.2704.103 Safari/537.36"
::1 - - [11/Jul/2016:22:57:52 +0000] "GET /js/bootstrap.min.js HTTP/1.1" 304 - "http://localhost:8080/" "Mozilla/5.0 (Macintosh; Intel Mac OS X 10_11_2) AppleWebKit/537.36 (KHTML, like Gecko) Chrome/51.0.2704.103 Safari/537.36"
::1 - - [11/Jul/2016:22:57:52 +0000] "GET /js/jquery.min.js HTTP/1.1" 304 - "http://localhost:8080/" "Mozilla/5.0 (Macintosh; Intel Mac OS X 10_11_2) AppleWebKit/537.36 (KHTML, like Gecko) Chrome/51.0.2704.103 Safari/537.36"
::1 - - [11/Jul/2016:22:57:55 +0000] "POST / HTTP/1.1" 302 62 "http://localhost:8080/" "Mozilla/5.0 (Macintosh; Intel Mac OS X 10_11_2) AppleWebKit/537.36 (KHTML, like Gecko) Chrome/51.0.2704.103 Safari/537.36"
::1 - - [11/Jul/2016:22:57:55 +0000] "GET /BkiuNsWD HTTP/1.1" 200 - "http://localhost:8080/" "Mozilla/5.0 (Macintosh; Intel Mac OS X 10_11_2) AppleWebKit/537.36 (KHTML, like Gecko) Chrome/51.0.2704.103 Safari/537.36"
::1 - - [11/Jul/2016:22:57:55 +0000] "GET /css/bootstrap.min.css HTTP/1.1" 304 - "http://localhost:8080/BkiuNsWD" "Mozilla/5.0 (Macintosh; Intel Mac OS X 10_11_2) AppleWebKit/537.36 (KHTML, like Gecko) Chrome/51.0.2704.103 Safari/537.36"
::1 - - [11/Jul/2016:22:57:55 +0000] "GET /js/bootstrap.min.js HTTP/1.1" 304 - "http://localhost:8080/BkiuNsWD" "Mozilla/5.0 (Macintosh; Intel Mac OS X 10_11_2) AppleWebKit/537.36 (KHTML, like Gecko) Chrome/51.0.2704.103 Safari/537.36"
::1 - - [11/Jul/2016:22:57:55 +0000] "GET /js/jquery.min.js HTTP/1.1" 304 - "http://localhost:8080/BkiuNsWD" "Mozilla/5.0 (Macintosh; Intel Mac OS X 10_11_2) AppleWebKit/537.36 (KHTML, like Gecko) Chrome/51.0.2704.103 Safari/537.36"
::1 - - [11/Jul/2016:22:58:01 +0000] "GET /snippets HTTP/1.1" 200 - "http://localhost:8080/BkiuNsWD" "Mozilla/5.0 (Macintosh; Intel Mac OS X 10_11_2) AppleWebKit/537.36 (KHTML, like Gecko) Chrome/51.0.2704.103 Safari/537.36"
::1 - - [11/Jul/2016:22:58:01 +0000] "GET /css/bootstrap.min.css HTTP/1.1" 304 - "http://localhost:8080/snippets" "Mozilla/5.0 (Macintosh; Intel Mac OS X 10_11_2) AppleWebKit/537.36 (KHTML, like Gecko) Chrome/51.0.2704.103 Safari/537.36"
::1 - - [11/Jul/2016:22:58:01 +0000] "GET /js/bootstrap.min.js HTTP/1.1" 304 - "http://localhost:8080/snippets" "Mozilla/5.0 (Macintosh; Intel Mac OS X 10_11_2) AppleWebKit/537.36 (KHTML, like Gecko) Chrome/51.0.2704.103 Safari/537.36"
::1 - - [11/Jul/2016:22:58:01 +0000] "GET /js/jquery.min.js HTTP/1.1" 304 - "http://localhost:8080/snippets" "Mozilla/5.0 (Macintosh; Intel Mac OS X 10_11_2) AppleWebKit/537.36 (KHTML, like Gecko) Chrome/51.0.2704.103 Safari/537.36"
::1 - - [11/Jul/2016:22:58:03 +0000] "GET /snippets HTTP/1.1" 404 - "http://localhost:8080/snippets" "Mozilla/5.0 (Macintosh; Intel Mac OS X 10_11_2) AppleWebKit/537.36 (KHTML, like Gecko) Chrome/51.0.2704.103 Safari/537.36"
::1 - - [11/Jul/2016:22:58:03 +0000] "GET /css/bootstrap.min.css HTTP/1.1" 304 - "http://localhost:8080/snippets" "Mozilla/5.0 (Macintosh; Intel Mac OS X 10_11_2) AppleWebKit/537.36 (KHTML, like Gecko) Chrome/51.0.2704.103 Safari/537.36"
::1 - - [11/Jul/2016:22:58:03 +0000] "GET /js/jquery.min.js HTTP/1.1" 304 - "http://localhost:8080/snippets" "Mozilla/5.0 (Macintosh; Intel Mac OS X 10_11_2) AppleWebKit/537.36 (KHTML, like Gecko) Chrome/51.0.2704.103 Safari/537.36"
::1 - - [11/Jul/2016:22:58:03 +0000] "GET /js/bootstrap.min.js HTTP/1.1" 304 - "http://localhost:8080/snippets" "Mozilla/5.0 (Macintosh; Intel Mac OS X 10_11_2) AppleWebKit/537.36 (KHTML, like Gecko) Chrome/51.0.2704.103 Safari/537.36"
::1 - - [11/Jul/2016:22:58:04 +0000] "GET /snippets HTTP/1.1" 404 - "http://localhost:8080/snippets" "Mozilla/5.0 (Macintosh; Intel Mac OS X 10_11_2) AppleWebKit/537.36 (KHTML, like Gecko) Chrome/51.0.2704.103 Safari/537.36"
::1 - - [11/Jul/2016:22:58:05 +0000] "GET /css/bootstrap.min.css HTTP/1.1" 304 - "http://localhost:8080/snippets" "Mozilla/5.0 (Macintosh; Intel Mac OS X 10_11_2) AppleWebKit/537.36 (KHTML, like Gecko) Chrome/51.0.2704.103 Safari/537.36"
::1 - - [11/Jul/2016:22:58:05 +0000] "GET /js/jquery.min.js HTTP/1.1" 304 - "http://localhost:8080/snippets" "Mozilla/5.0 (Macintosh; Intel Mac OS X 10_11_2) AppleWebKit/537.36 (KHTML, like Gecko) Chrome/51.0.2704.103 Safari/537.36"
::1 - - [11/Jul/2016:22:58:05 +0000] "GET /js/bootstrap.min.js HTTP/1.1" 304 - "http://localhost:8080/snippets" "Mozilla/5.0 (Macintosh; Intel Mac OS X 10_11_2) AppleWebKit/537.36 (KHTML, like Gecko) Chrome/51.0.2704.103 Safari/537.36"
::1 - - [11/Jul/2016:22:58:06 +0000] "GET / HTTP/1.1" 200 - "http://localhost:8080/snippets" "Mozilla/5.0 (Macintosh; Intel Mac OS X 10_11_2) AppleWebKit/537.36 (KHTML, like Gecko) Chrome/51.0.2704.103 Safari/537.36"
::1 - - [11/Jul/2016:22:58:07 +0000] "GET /css/bootstrap.min.css HTTP/1.1" 304 - "http://localhost:8080/" "Mozilla/5.0 (Macintosh; Intel Mac OS X 10_11_2) AppleWebKit/537.36 (KHTML, like Gecko) Chrome/51.0.2704.103 Safari/537.36"
::1 - - [11/Jul/2016:22:58:07 +0000] "GET /js/bootstrap.min.js HTTP/1.1" 304 - "http://localhost:8080/" "Mozilla/5.0 (Macintosh; Intel Mac OS X 10_11_2) AppleWebKit/537.36 (KHTML, like Gecko) Chrome/51.0.2704.103 Safari/537.36"
::1 - - [11/Jul/2016:22:58:07 +0000] "GET /js/jquery.min.js HTTP/1.1" 304 - "http://localhost:8080/" "Mozilla/5.0 (Macintosh; Intel Mac OS X 10_11_2) AppleWebKit/537.36 (KHTML, like Gecko) Chrome/51.0.2704.103 Safari/537.36"
::1 - - [11/Jul/2016:22:58:09 +0000] "POST / HTTP/1.1" 302 62 "http://localhost:8080/" "Mozilla/5.0 (Macintosh; Intel Mac OS X 10_11_2) AppleWebKit/537.36 (KHTML, like Gecko) Chrome/51.0.2704.103 Safari/537.36"
::1 - - [11/Jul/2016:22:58:09 +0000] "GET /By5K4ibv HTTP/1.1" 200 - "http://localhost:8080/" "Mozilla/5.0 (Macintosh; Intel Mac OS X 10_11_2) AppleWebKit/537.36 (KHTML, like Gecko) Chrome/51.0.2704.103 Safari/537.36"
::1 - - [11/Jul/2016:22:58:10 +0000] "GET /css/bootstrap.min.css HTTP/1.1" 304 - "http://localhost:8080/By5K4ibv" "Mozilla/5.0 (Macintosh; Intel Mac OS X 10_11_2) AppleWebKit/537.36 (KHTML, like Gecko) Chrome/51.0.2704.103 Safari/537.36"
::1 - - [11/Jul/2016:22:58:10 +0000] "GET /js/bootstrap.min.js HTTP/1.1" 304 - "http://localhost:8080/By5K4ibv" "Mozilla/5.0 (Macintosh; Intel Mac OS X 10_11_2) AppleWebKit/537.36 (KHTML, like Gecko) Chrome/51.0.2704.103 Safari/537.36"
::1 - - [11/Jul/2016:22:58:10 +0000] "GET /js/jquery.min.js HTTP/1.1" 304 - "http://localhost:8080/By5K4ibv" "Mozilla/5.0 (Macintosh; Intel Mac OS X 10_11_2) AppleWebKit/537.36 (KHTML, like Gecko) Chrome/51.0.2704.103 Safari/537.36"
::1 - - [11/Jul/2016:22:58:12 +0000] "GET /snippets HTTP/1.1" 200 - "http://localhost:8080/By5K4ibv" "Mozilla/5.0 (Macintosh; Intel Mac OS X 10_11_2) AppleWebKit/537.36 (KHTML, like Gecko) Chrome/51.0.2704.103 Safari/537.36"
::1 - - [11/Jul/2016:22:58:12 +0000] "GET /css/bootstrap.min.css HTTP/1.1" 304 - "http://localhost:8080/snippets" "Mozilla/5.0 (Macintosh; Intel Mac OS X 10_11_2) AppleWebKit/537.36 (KHTML, like Gecko) Chrome/51.0.2704.103 Safari/537.36"
::1 - - [11/Jul/2016:22:58:12 +0000] "GET /js/bootstrap.min.js HTTP/1.1" 304 - "http://localhost:8080/snippets" "Mozilla/5.0 (Macintosh; Intel Mac OS X 10_11_2) AppleWebKit/537.36 (KHTML, like Gecko) Chrome/51.0.2704.103 Safari/537.36"
::1 - - [11/Jul/2016:22:58:12 +0000] "GET /js/jquery.min.js HTTP/1.1" 304 - "http://localhost:8080/snippets" "Mozilla/5.0 (Macintosh; Intel Mac OS X 10_11_2) AppleWebKit/537.36 (KHTML, like Gecko) Chrome/51.0.2704.103 Safari/537.36"
::1 - - [11/Jul/2016:22:58:13 +0000] "GET /snippets HTTP/1.1" 304 - "http://localhost:8080/snippets" "Mozilla/5.0 (Macintosh; Intel Mac OS X 10_11_2) AppleWebKit/537.36 (KHTML, like Gecko) Chrome/51.0.2704.103 Safari/537.36"
::1 - - [11/Jul/2016:22:58:13 +0000] "GET /css/bootstrap.min.css HTTP/1.1" 304 - "http://localhost:8080/snippets" "Mozilla/5.0 (Macintosh; Intel Mac OS X 10_11_2) AppleWebKit/537.36 (KHTML, like Gecko) Chrome/51.0.2704.103 Safari/537.36"
::1 - - [11/Jul/2016:22:58:13 +0000] "GET /js/bootstrap.min.js HTTP/1.1" 304 - "http://localhost:8080/snippets" "Mozilla/5.0 (Macintosh; Intel Mac OS X 10_11_2) AppleWebKit/537.36 (KHTML, like Gecko) Chrome/51.0.2704.103 Safari/537.36"
::1 - - [11/Jul/2016:22:58:13 +0000] "GET /js/jquery.min.js HTTP/1.1" 304 - "http://localhost:8080/snippets" "Mozilla/5.0 (Macintosh; Intel Mac OS X 10_11_2) AppleWebKit/537.36 (KHTML, like Gecko) Chrome/51.0.2704.103 Safari/537.36"
::1 - - [11/Jul/2016:22:58:14 +0000] "GET / HTTP/1.1" 200 - "http://localhost:8080/snippets" "Mozilla/5.0 (Macintosh; Intel Mac OS X 10_11_2) AppleWebKit/537.36 (KHTML, like Gecko) Chrome/51.0.2704.103 Safari/537.36"
::1 - - [11/Jul/2016:22:58:14 +0000] "GET /css/bootstrap.min.css HTTP/1.1" 304 - "http://localhost:8080/" "Mozilla/5.0 (Macintosh; Intel Mac OS X 10_11_2) AppleWebKit/537.36 (KHTML, like Gecko) Chrome/51.0.2704.103 Safari/537.36"
::1 - - [11/Jul/2016:22:58:14 +0000] "GET /js/bootstrap.min.js HTTP/1.1" 304 - "http://localhost:8080/" "Mozilla/5.0 (Macintosh; Intel Mac OS X 10_11_2) AppleWebKit/537.36 (KHTML, like Gecko) Chrome/51.0.2704.103 Safari/537.36"
::1 - - [11/Jul/2016:22:58:14 +0000] "GET /js/jquery.min.js HTTP/1.1" 304 - "http://localhost:8080/" "Mozilla/5.0 (Macintosh; Intel Mac OS X 10_11_2) AppleWebKit/537.36 (KHTML, like Gecko) Chrome/51.0.2704.103 Safari/537.36"
::1 - - [11/Jul/2016:22:58:23 +0000] "POST / HTTP/1.1" 302 62 "http://localhost:8080/" "Mozilla/5.0 (Macintosh; Intel Mac OS X 10_11_2) AppleWebKit/537.36 (KHTML, like Gecko) Chrome/51.0.2704.103 Safari/537.36"
::1 - - [11/Jul/2016:22:58:23 +0000] "GET /r1P5VoWP HTTP/1.1" 200 - "http://localhost:8080/" "Mozilla/5.0 (Macintosh; Intel Mac OS X 10_11_2) AppleWebKit/537.36 (KHTML, like Gecko) Chrome/51.0.2704.103 Safari/537.36"
::1 - - [11/Jul/2016:22:58:23 +0000] "GET /css/bootstrap.min.css HTTP/1.1" 304 - "http://localhost:8080/r1P5VoWP" "Mozilla/5.0 (Macintosh; Intel Mac OS X 10_11_2) AppleWebKit/537.36 (KHTML, like Gecko) Chrome/51.0.2704.103 Safari/537.36"
::1 - - [11/Jul/2016:22:58:23 +0000] "GET /js/jquery.min.js HTTP/1.1" 304 - "http://localhost:8080/r1P5VoWP" "Mozilla/5.0 (Macintosh; Intel Mac OS X 10_11_2) AppleWebKit/537.36 (KHTML, like Gecko) Chrome/51.0.2704.103 Safari/537.36"
::1 - - [11/Jul/2016:22:58:23 +0000] "GET /js/bootstrap.min.js HTTP/1.1" 304 - "http://localhost:8080/r1P5VoWP" "Mozilla/5.0 (Macintosh; Intel Mac OS X 10_11_2) AppleWebKit/537.36 (KHTML, like Gecko) Chrome/51.0.2704.103 Safari/537.36"
::1 - - [11/Jul/2016:22:58:25 +0000] "GET /snippets HTTP/1.1" 200 - "http://localhost:8080/r1P5VoWP" "Mozilla/5.0 (Macintosh; Intel Mac OS X 10_11_2) AppleWebKit/537.36 (KHTML, like Gecko) Chrome/51.0.2704.103 Safari/537.36"
::1 - - [11/Jul/2016:22:58:26 +0000] "GET /css/bootstrap.min.css HTTP/1.1" 304 - "http://localhost:8080/snippets" "Mozilla/5.0 (Macintosh; Intel Mac OS X 10_11_2) AppleWebKit/537.36 (KHTML, like Gecko) Chrome/51.0.2704.103 Safari/537.36"
::1 - - [11/Jul/2016:22:58:26 +0000] "GET /js/bootstrap.min.js HTTP/1.1" 304 - "http://localhost:8080/snippets" "Mozilla/5.0 (Macintosh; Intel Mac OS X 10_11_2) AppleWebKit/537.36 (KHTML, like Gecko) Chrome/51.0.2704.103 Safari/537.36"
::1 - - [11/Jul/2016:22:58:26 +0000] "GET /js/jquery.min.js HTTP/1.1" 304 - "http://localhost:8080/snippets" "Mozilla/5.0 (Macintosh; Intel Mac OS X 10_11_2) AppleWebKit/537.36 (KHTML, like Gecko) Chrome/51.0.2704.103 Safari/537.36"
::1 - - [12/Jul/2016:00:01:03 +0000] "GET / HTTP/1.1" 200 - "http://localhost:8080/snippets" "Mozilla/5.0 (Macintosh; Intel Mac OS X 10_11_2) AppleWebKit/537.36 (KHTML, like Gecko) Chrome/51.0.2704.103 Safari/537.36"
::1 - - [12/Jul/2016:00:01:04 +0000] "GET /css/bootstrap.min.css HTTP/1.1" 304 - "http://localhost:8080/" "Mozilla/5.0 (Macintosh; Intel Mac OS X 10_11_2) AppleWebKit/537.36 (KHTML, like Gecko) Chrome/51.0.2704.103 Safari/537.36"
::1 - - [12/Jul/2016:00:01:04 +0000] "GET /js/bootstrap.min.js HTTP/1.1" 304 - "http://localhost:8080/" "Mozilla/5.0 (Macintosh; Intel Mac OS X 10_11_2) AppleWebKit/537.36 (KHTML, like Gecko) Chrome/51.0.2704.103 Safari/537.36"
::1 - - [12/Jul/2016:00:01:04 +0000] "GET /js/jquery.min.js HTTP/1.1" 304 - "http://localhost:8080/" "Mozilla/5.0 (Macintosh; Intel Mac OS X 10_11_2) AppleWebKit/537.36 (KHTML, like Gecko) Chrome/51.0.2704.103 Safari/537.36"
::1 - - [12/Jul/2016:00:01:08 +0000] "GET /snippets HTTP/1.1" 200 - "http://localhost:8080/" "Mozilla/5.0 (Macintosh; Intel Mac OS X 10_11_2) AppleWebKit/537.36 (KHTML, like Gecko) Chrome/51.0.2704.103 Safari/537.36"
::1 - - [12/Jul/2016:00:01:08 +0000] "GET /css/bootstrap.min.css HTTP/1.1" 304 - "http://localhost:8080/snippets" "Mozilla/5.0 (Macintosh; Intel Mac OS X 10_11_2) AppleWebKit/537.36 (KHTML, like Gecko) Chrome/51.0.2704.103 Safari/537.36"
::1 - - [12/Jul/2016:00:01:08 +0000] "GET /js/bootstrap.min.js HTTP/1.1" 304 - "http://localhost:8080/snippets" "Mozilla/5.0 (Macintosh; Intel Mac OS X 10_11_2) AppleWebKit/537.36 (KHTML, like Gecko) Chrome/51.0.2704.103 Safari/537.36"
::1 - - [12/Jul/2016:00:01:08 +0000] "GET /js/jquery.min.js HTTP/1.1" 304 - "http://localhost:8080/snippets" "Mozilla/5.0 (Macintosh; Intel Mac OS X 10_11_2) AppleWebKit/537.36 (KHTML, like Gecko) Chrome/51.0.2704.103 Safari/537.36"
::1 - - [12/Jul/2016:00:01:11 +0000] "GET /r1P5VoWP HTTP/1.1" 200 - "http://localhost:8080/snippets" "Mozilla/5.0 (Macintosh; Intel Mac OS X 10_11_2) AppleWebKit/537.36 (KHTML, like Gecko) Chrome/51.0.2704.103 Safari/537.36"
::1 - - [12/Jul/2016:00:01:11 +0000] "GET /css/bootstrap.min.css HTTP/1.1" 304 - "http://localhost:8080/r1P5VoWP" "Mozilla/5.0 (Macintosh; Intel Mac OS X 10_11_2) AppleWebKit/537.36 (KHTML, like Gecko) Chrome/51.0.2704.103 Safari/537.36"
::1 - - [12/Jul/2016:00:01:11 +0000] "GET /js/bootstrap.min.js HTTP/1.1" 304 - "http://localhost:8080/r1P5VoWP" "Mozilla/5.0 (Macintosh; Intel Mac OS X 10_11_2) AppleWebKit/537.36 (KHTML, like Gecko) Chrome/51.0.2704.103 Safari/537.36"
::1 - - [12/Jul/2016:00:01:11 +0000] "GET /js/jquery.min.js HTTP/1.1" 304 - "http://localhost:8080/r1P5VoWP" "Mozilla/5.0 (Macintosh; Intel Mac OS X 10_11_2) AppleWebKit/537.36 (KHTML, like Gecko) Chrome/51.0.2704.103 Safari/537.36"
::1 - - [12/Jul/2016:00:01:12 +0000] "GET /B1SMCETU HTTP/1.1" 200 - "http://localhost:8080/r1P5VoWP" "Mozilla/5.0 (Macintosh; Intel Mac OS X 10_11_2) AppleWebKit/537.36 (KHTML, like Gecko) Chrome/51.0.2704.103 Safari/537.36"
::1 - - [12/Jul/2016:00:01:13 +0000] "GET /css/bootstrap.min.css HTTP/1.1" 304 - "http://localhost:8080/B1SMCETU" "Mozilla/5.0 (Macintosh; Intel Mac OS X 10_11_2) AppleWebKit/537.36 (KHTML, like Gecko) Chrome/51.0.2704.103 Safari/537.36"
::1 - - [12/Jul/2016:00:01:13 +0000] "GET /js/jquery.min.js HTTP/1.1" 304 - "http://localhost:8080/B1SMCETU" "Mozilla/5.0 (Macintosh; Intel Mac OS X 10_11_2) AppleWebKit/537.36 (KHTML, like Gecko) Chrome/51.0.2704.103 Safari/537.36"
::1 - - [12/Jul/2016:00:01:13 +0000] "GET /js/bootstrap.min.js HTTP/1.1" 304 - "http://localhost:8080/B1SMCETU" "Mozilla/5.0 (Macintosh; Intel Mac OS X 10_11_2) AppleWebKit/537.36 (KHTML, like Gecko) Chrome/51.0.2704.103 Safari/537.36"
::1 - - [12/Jul/2016:00:01:13 +0000] "GET / HTTP/1.1" 200 - "http://localhost:8080/B1SMCETU" "Mozilla/5.0 (Macintosh; Intel Mac OS X 10_11_2) AppleWebKit/537.36 (KHTML, like Gecko) Chrome/51.0.2704.103 Safari/537.36"
::1 - - [12/Jul/2016:00:01:13 +0000] "GET /css/bootstrap.min.css HTTP/1.1" 304 - "http://localhost:8080/" "Mozilla/5.0 (Macintosh; Intel Mac OS X 10_11_2) AppleWebKit/537.36 (KHTML, like Gecko) Chrome/51.0.2704.103 Safari/537.36"
::1 - - [12/Jul/2016:00:01:13 +0000] "GET /js/bootstrap.min.js HTTP/1.1" 304 - "http://localhost:8080/" "Mozilla/5.0 (Macintosh; Intel Mac OS X 10_11_2) AppleWebKit/537.36 (KHTML, like Gecko) Chrome/51.0.2704.103 Safari/537.36"
::1 - - [12/Jul/2016:00:01:13 +0000] "GET /js/jquery.min.js HTTP/1.1" 304 - "http://localhost:8080/" "Mozilla/5.0 (Macintosh; Intel Mac OS X 10_11_2) AppleWebKit/537.36 (KHTML, like Gecko) Chrome/51.0.2704.103 Safari/537.36"
::1 - - [12/Jul/2016:00:01:16 +0000] "GET /profile HTTP/1.1" 200 - "http://localhost:8080/" "Mozilla/5.0 (Macintosh; Intel Mac OS X 10_11_2) AppleWebKit/537.36 (KHTML, like Gecko) Chrome/51.0.2704.103 Safari/537.36"
::1 - - [12/Jul/2016:00:01:16 +0000] "GET /css/bootstrap.min.css HTTP/1.1" 304 - "http://localhost:8080/profile" "Mozilla/5.0 (Macintosh; Intel Mac OS X 10_11_2) AppleWebKit/537.36 (KHTML, like Gecko) Chrome/51.0.2704.103 Safari/537.36"
::1 - - [12/Jul/2016:00:01:16 +0000] "GET /js/bootstrap.min.js HTTP/1.1" 304 - "http://localhost:8080/profile" "Mozilla/5.0 (Macintosh; Intel Mac OS X 10_11_2) AppleWebKit/537.36 (KHTML, like Gecko) Chrome/51.0.2704.103 Safari/537.36"
::1 - - [12/Jul/2016:00:01:16 +0000] "GET /js/jquery.min.js HTTP/1.1" 304 - "http://localhost:8080/profile" "Mozilla/5.0 (Macintosh; Intel Mac OS X 10_11_2) AppleWebKit/537.36 (KHTML, like Gecko) Chrome/51.0.2704.103 Safari/537.36"
::1 - - [12/Jul/2016:00:22:49 +0000] "GET /profile HTTP/1.1" 304 - "http://localhost:8080/" "Mozilla/5.0 (Macintosh; Intel Mac OS X 10_11_2) AppleWebKit/537.36 (KHTML, like Gecko) Chrome/51.0.2704.103 Safari/537.36"
::1 - - [12/Jul/2016:00:22:49 +0000] "GET /css/bootstrap.min.css HTTP/1.1" 304 - "http://localhost:8080/profile" "Mozilla/5.0 (Macintosh; Intel Mac OS X 10_11_2) AppleWebKit/537.36 (KHTML, like Gecko) Chrome/51.0.2704.103 Safari/537.36"
::1 - - [12/Jul/2016:00:22:49 +0000] "GET /js/jquery.min.js HTTP/1.1" 304 - "http://localhost:8080/profile" "Mozilla/5.0 (Macintosh; Intel Mac OS X 10_11_2) AppleWebKit/537.36 (KHTML, like Gecko) Chrome/51.0.2704.103 Safari/537.36"
::1 - - [12/Jul/2016:00:22:49 +0000] "GET /js/bootstrap.min.js HTTP/1.1" 304 - "http://localhost:8080/profile" "Mozilla/5.0 (Macintosh; Intel Mac OS X 10_11_2) AppleWebKit/537.36 (KHTML, like Gecko) Chrome/51.0.2704.103 Safari/537.36"
::1 - - [12/Jul/2016:00:22:52 +0000] "GET / HTTP/1.1" 200 - "http://localhost:8080/profile" "Mozilla/5.0 (Macintosh; Intel Mac OS X 10_11_2) AppleWebKit/537.36 (KHTML, like Gecko) Chrome/51.0.2704.103 Safari/537.36"
::1 - - [12/Jul/2016:00:22:52 +0000] "GET /css/bootstrap.min.css HTTP/1.1" 304 - "http://localhost:8080/" "Mozilla/5.0 (Macintosh; Intel Mac OS X 10_11_2) AppleWebKit/537.36 (KHTML, like Gecko) Chrome/51.0.2704.103 Safari/537.36"
::1 - - [12/Jul/2016:00:22:52 +0000] "GET /js/bootstrap.min.js HTTP/1.1" 304 - "http://localhost:8080/" "Mozilla/5.0 (Macintosh; Intel Mac OS X 10_11_2) AppleWebKit/537.36 (KHTML, like Gecko) Chrome/51.0.2704.103 Safari/537.36"
::1 - - [12/Jul/2016:00:22:52 +0000] "GET /js/jquery.min.js HTTP/1.1" 304 - "http://localhost:8080/" "Mozilla/5.0 (Macintosh; Intel Mac OS X 10_11_2) AppleWebKit/537.36 (KHTML, like Gecko) Chrome/51.0.2704.103 Safari/537.36"
::1 - - [12/Jul/2016:00:22:53 +0000] "GET /profile HTTP/1.1" 304 - "http://localhost:8080/" "Mozilla/5.0 (Macintosh; Intel Mac OS X 10_11_2) AppleWebKit/537.36 (KHTML, like Gecko) Chrome/51.0.2704.103 Safari/537.36"
::1 - - [12/Jul/2016:00:22:53 +0000] "GET /css/bootstrap.min.css HTTP/1.1" 304 - "http://localhost:8080/profile" "Mozilla/5.0 (Macintosh; Intel Mac OS X 10_11_2) AppleWebKit/537.36 (KHTML, like Gecko) Chrome/51.0.2704.103 Safari/537.36"
::1 - - [12/Jul/2016:00:22:53 +0000] "GET /js/bootstrap.min.js HTTP/1.1" 304 - "http://localhost:8080/profile" "Mozilla/5.0 (Macintosh; Intel Mac OS X 10_11_2) AppleWebKit/537.36 (KHTML, like Gecko) Chrome/51.0.2704.103 Safari/537.36"
::1 - - [12/Jul/2016:00:22:53 +0000] "GET /js/jquery.min.js HTTP/1.1" 304 - "http://localhost:8080/profile" "Mozilla/5.0 (Macintosh; Intel Mac OS X 10_11_2) AppleWebKit/537.36 (KHTML, like Gecko) Chrome/51.0.2704.103 Safari/537.36"
::1 - - [12/Jul/2016:00:22:54 +0000] "GET /snippets HTTP/1.1" 304 - "http://localhost:8080/profile" "Mozilla/5.0 (Macintosh; Intel Mac OS X 10_11_2) AppleWebKit/537.36 (KHTML, like Gecko) Chrome/51.0.2704.103 Safari/537.36"
::1 - - [12/Jul/2016:00:22:54 +0000] "GET /css/bootstrap.min.css HTTP/1.1" 304 - "http://localhost:8080/snippets" "Mozilla/5.0 (Macintosh; Intel Mac OS X 10_11_2) AppleWebKit/537.36 (KHTML, like Gecko) Chrome/51.0.2704.103 Safari/537.36"
::1 - - [12/Jul/2016:00:22:54 +0000] "GET /js/jquery.min.js HTTP/1.1" 304 - "http://localhost:8080/snippets" "Mozilla/5.0 (Macintosh; Intel Mac OS X 10_11_2) AppleWebKit/537.36 (KHTML, like Gecko) Chrome/51.0.2704.103 Safari/537.36"
::1 - - [12/Jul/2016:00:22:54 +0000] "GET /js/bootstrap.min.js HTTP/1.1" 304 - "http://localhost:8080/snippets" "Mozilla/5.0 (Macintosh; Intel Mac OS X 10_11_2) AppleWebKit/537.36 (KHTML, like Gecko) Chrome/51.0.2704.103 Safari/537.36"
::1 - - [12/Jul/2016:00:22:56 +0000] "GET /r1P5VoWP HTTP/1.1" 304 - "http://localhost:8080/snippets" "Mozilla/5.0 (Macintosh; Intel Mac OS X 10_11_2) AppleWebKit/537.36 (KHTML, like Gecko) Chrome/51.0.2704.103 Safari/537.36"
::1 - - [12/Jul/2016:00:22:56 +0000] "GET /css/bootstrap.min.css HTTP/1.1" 304 - "http://localhost:8080/r1P5VoWP" "Mozilla/5.0 (Macintosh; Intel Mac OS X 10_11_2) AppleWebKit/537.36 (KHTML, like Gecko) Chrome/51.0.2704.103 Safari/537.36"
::1 - - [12/Jul/2016:00:22:56 +0000] "GET /js/jquery.min.js HTTP/1.1" 304 - "http://localhost:8080/r1P5VoWP" "Mozilla/5.0 (Macintosh; Intel Mac OS X 10_11_2) AppleWebKit/537.36 (KHTML, like Gecko) Chrome/51.0.2704.103 Safari/537.36"
::1 - - [12/Jul/2016:00:22:56 +0000] "GET /js/bootstrap.min.js HTTP/1.1" 304 - "http://localhost:8080/r1P5VoWP" "Mozilla/5.0 (Macintosh; Intel Mac OS X 10_11_2) AppleWebKit/537.36 (KHTML, like Gecko) Chrome/51.0.2704.103 Safari/537.36"
::1 - - [12/Jul/2016:00:23:00 +0000] "GET /snippets HTTP/1.1" 304 - "http://localhost:8080/r1P5VoWP" "Mozilla/5.0 (Macintosh; Intel Mac OS X 10_11_2) AppleWebKit/537.36 (KHTML, like Gecko) Chrome/51.0.2704.103 Safari/537.36"
::1 - - [12/Jul/2016:00:23:00 +0000] "GET /css/bootstrap.min.css HTTP/1.1" 304 - "http://localhost:8080/snippets" "Mozilla/5.0 (Macintosh; Intel Mac OS X 10_11_2) AppleWebKit/537.36 (KHTML, like Gecko) Chrome/51.0.2704.103 Safari/537.36"
::1 - - [12/Jul/2016:00:23:00 +0000] "GET /js/jquery.min.js HTTP/1.1" 304 - "http://localhost:8080/snippets" "Mozilla/5.0 (Macintosh; Intel Mac OS X 10_11_2) AppleWebKit/537.36 (KHTML, like Gecko) Chrome/51.0.2704.103 Safari/537.36"
::1 - - [12/Jul/2016:00:23:00 +0000] "GET /js/bootstrap.min.js HTTP/1.1" 304 - "http://localhost:8080/snippets" "Mozilla/5.0 (Macintosh; Intel Mac OS X 10_11_2) AppleWebKit/537.36 (KHTML, like Gecko) Chrome/51.0.2704.103 Safari/537.36"
::1 - - [12/Jul/2016:00:25:11 +0000] "GET /snippets HTTP/1.1" 200 - "http://localhost:8080/r1P5VoWP" "Mozilla/5.0 (Macintosh; Intel Mac OS X 10_11_2) AppleWebKit/537.36 (KHTML, like Gecko) Chrome/51.0.2704.103 Safari/537.36"
::1 - - [12/Jul/2016:00:25:12 +0000] "GET /css/bootstrap.min.css HTTP/1.1" 304 - "http://localhost:8080/snippets" "Mozilla/5.0 (Macintosh; Intel Mac OS X 10_11_2) AppleWebKit/537.36 (KHTML, like Gecko) Chrome/51.0.2704.103 Safari/537.36"
::1 - - [12/Jul/2016:00:25:12 +0000] "GET /js/bootstrap.min.js HTTP/1.1" 304 - "http://localhost:8080/snippets" "Mozilla/5.0 (Macintosh; Intel Mac OS X 10_11_2) AppleWebKit/537.36 (KHTML, like Gecko) Chrome/51.0.2704.103 Safari/537.36"
::1 - - [12/Jul/2016:00:25:12 +0000] "GET /js/jquery.min.js HTTP/1.1" 304 - "http://localhost:8080/snippets" "Mozilla/5.0 (Macintosh; Intel Mac OS X 10_11_2) AppleWebKit/537.36 (KHTML, like Gecko) Chrome/51.0.2704.103 Safari/537.36"
::1 - - [12/Jul/2016:00:25:14 +0000] "GET /B1SMCETU HTTP/1.1" 304 - "http://localhost:8080/snippets" "Mozilla/5.0 (Macintosh; Intel Mac OS X 10_11_2) AppleWebKit/537.36 (KHTML, like Gecko) Chrome/51.0.2704.103 Safari/537.36"
::1 - - [12/Jul/2016:00:25:15 +0000] "GET /css/bootstrap.min.css HTTP/1.1" 304 - "http://localhost:8080/B1SMCETU" "Mozilla/5.0 (Macintosh; Intel Mac OS X 10_11_2) AppleWebKit/537.36 (KHTML, like Gecko) Chrome/51.0.2704.103 Safari/537.36"
::1 - - [12/Jul/2016:00:25:15 +0000] "GET /js/bootstrap.min.js HTTP/1.1" 304 - "http://localhost:8080/B1SMCETU" "Mozilla/5.0 (Macintosh; Intel Mac OS X 10_11_2) AppleWebKit/537.36 (KHTML, like Gecko) Chrome/51.0.2704.103 Safari/537.36"
::1 - - [12/Jul/2016:00:25:15 +0000] "GET /js/jquery.min.js HTTP/1.1" 304 - "http://localhost:8080/B1SMCETU" "Mozilla/5.0 (Macintosh; Intel Mac OS X 10_11_2) AppleWebKit/537.36 (KHTML, like Gecko) Chrome/51.0.2704.103 Safari/537.36"
::1 - - [12/Jul/2016:00:25:16 +0000] "GET / HTTP/1.1" 200 - "http://localhost:8080/B1SMCETU" "Mozilla/5.0 (Macintosh; Intel Mac OS X 10_11_2) AppleWebKit/537.36 (KHTML, like Gecko) Chrome/51.0.2704.103 Safari/537.36"
::1 - - [12/Jul/2016:00:25:16 +0000] "GET /css/bootstrap.min.css HTTP/1.1" 304 - "http://localhost:8080/" "Mozilla/5.0 (Macintosh; Intel Mac OS X 10_11_2) AppleWebKit/537.36 (KHTML, like Gecko) Chrome/51.0.2704.103 Safari/537.36"
::1 - - [12/Jul/2016:00:25:16 +0000] "GET /js/bootstrap.min.js HTTP/1.1" 304 - "http://localhost:8080/" "Mozilla/5.0 (Macintosh; Intel Mac OS X 10_11_2) AppleWebKit/537.36 (KHTML, like Gecko) Chrome/51.0.2704.103 Safari/537.36"
::1 - - [12/Jul/2016:00:25:16 +0000] "GET /js/jquery.min.js HTTP/1.1" 304 - "http://localhost:8080/" "Mozilla/5.0 (Macintosh; Intel Mac OS X 10_11_2) AppleWebKit/537.36 (KHTML, like Gecko) Chrome/51.0.2704.103 Safari/537.36"
::1 - - [12/Jul/2016:00:29:53 +0000] "GET / HTTP/1.1" 200 - "http://localhost:8080/B1SMCETU" "Mozilla/5.0 (Macintosh; Intel Mac OS X 10_11_2) AppleWebKit/537.36 (KHTML, like Gecko) Chrome/51.0.2704.103 Safari/537.36"
::1 - - [12/Jul/2016:00:29:53 +0000] "GET /css/bootstrap.min.css HTTP/1.1" 304 - "http://localhost:8080/" "Mozilla/5.0 (Macintosh; Intel Mac OS X 10_11_2) AppleWebKit/537.36 (KHTML, like Gecko) Chrome/51.0.2704.103 Safari/537.36"
::1 - - [12/Jul/2016:00:29:53 +0000] "GET /js/jquery.min.js HTTP/1.1" 304 - "http://localhost:8080/" "Mozilla/5.0 (Macintosh; Intel Mac OS X 10_11_2) AppleWebKit/537.36 (KHTML, like Gecko) Chrome/51.0.2704.103 Safari/537.36"
::1 - - [12/Jul/2016:00:29:53 +0000] "GET /js/bootstrap.min.js HTTP/1.1" 304 - "http://localhost:8080/" "Mozilla/5.0 (Macintosh; Intel Mac OS X 10_11_2) AppleWebKit/537.36 (KHTML, like Gecko) Chrome/51.0.2704.103 Safari/537.36"
::1 - - [12/Jul/2016:00:29:58 +0000] "POST / HTTP/1.1" 302 62 "http://localhost:8080/" "Mozilla/5.0 (Macintosh; Intel Mac OS X 10_11_2) AppleWebKit/537.36 (KHTML, like Gecko) Chrome/51.0.2704.103 Safari/537.36"
::1 - - [12/Jul/2016:00:29:58 +0000] "GET /SkAZ5nZD HTTP/1.1" 200 - "http://localhost:8080/" "Mozilla/5.0 (Macintosh; Intel Mac OS X 10_11_2) AppleWebKit/537.36 (KHTML, like Gecko) Chrome/51.0.2704.103 Safari/537.36"
::1 - - [12/Jul/2016:00:29:58 +0000] "GET /css/bootstrap.min.css HTTP/1.1" 304 - "http://localhost:8080/SkAZ5nZD" "Mozilla/5.0 (Macintosh; Intel Mac OS X 10_11_2) AppleWebKit/537.36 (KHTML, like Gecko) Chrome/51.0.2704.103 Safari/537.36"
::1 - - [12/Jul/2016:00:29:58 +0000] "GET /js/bootstrap.min.js HTTP/1.1" 304 - "http://localhost:8080/SkAZ5nZD" "Mozilla/5.0 (Macintosh; Intel Mac OS X 10_11_2) AppleWebKit/537.36 (KHTML, like Gecko) Chrome/51.0.2704.103 Safari/537.36"
::1 - - [12/Jul/2016:00:29:58 +0000] "GET /js/jquery.min.js HTTP/1.1" 304 - "http://localhost:8080/SkAZ5nZD" "Mozilla/5.0 (Macintosh; Intel Mac OS X 10_11_2) AppleWebKit/537.36 (KHTML, like Gecko) Chrome/51.0.2704.103 Safari/537.36"
::1 - - [12/Jul/2016:00:30:04 +0000] "GET /r1P5VoWP HTTP/1.1" 200 - "http://localhost:8080/SkAZ5nZD" "Mozilla/5.0 (Macintosh; Intel Mac OS X 10_11_2) AppleWebKit/537.36 (KHTML, like Gecko) Chrome/51.0.2704.103 Safari/537.36"
::1 - - [12/Jul/2016:00:30:04 +0000] "GET /css/bootstrap.min.css HTTP/1.1" 304 - "http://localhost:8080/r1P5VoWP" "Mozilla/5.0 (Macintosh; Intel Mac OS X 10_11_2) AppleWebKit/537.36 (KHTML, like Gecko) Chrome/51.0.2704.103 Safari/537.36"
::1 - - [12/Jul/2016:00:30:04 +0000] "GET /js/bootstrap.min.js HTTP/1.1" 304 - "http://localhost:8080/r1P5VoWP" "Mozilla/5.0 (Macintosh; Intel Mac OS X 10_11_2) AppleWebKit/537.36 (KHTML, like Gecko) Chrome/51.0.2704.103 Safari/537.36"
::1 - - [12/Jul/2016:00:30:04 +0000] "GET /js/jquery.min.js HTTP/1.1" 304 - "http://localhost:8080/r1P5VoWP" "Mozilla/5.0 (Macintosh; Intel Mac OS X 10_11_2) AppleWebKit/537.36 (KHTML, like Gecko) Chrome/51.0.2704.103 Safari/537.36"
::1 - - [12/Jul/2016:00:30:05 +0000] "GET /SkAZ5nZD HTTP/1.1" 304 - "http://localhost:8080/r1P5VoWP" "Mozilla/5.0 (Macintosh; Intel Mac OS X 10_11_2) AppleWebKit/537.36 (KHTML, like Gecko) Chrome/51.0.2704.103 Safari/537.36"
::1 - - [12/Jul/2016:00:30:05 +0000] "GET /css/bootstrap.min.css HTTP/1.1" 304 - "http://localhost:8080/SkAZ5nZD" "Mozilla/5.0 (Macintosh; Intel Mac OS X 10_11_2) AppleWebKit/537.36 (KHTML, like Gecko) Chrome/51.0.2704.103 Safari/537.36"
::1 - - [12/Jul/2016:00:30:05 +0000] "GET /js/bootstrap.min.js HTTP/1.1" 304 - "http://localhost:8080/SkAZ5nZD" "Mozilla/5.0 (Macintosh; Intel Mac OS X 10_11_2) AppleWebKit/537.36 (KHTML, like Gecko) Chrome/51.0.2704.103 Safari/537.36"
::1 - - [12/Jul/2016:00:30:05 +0000] "GET /js/jquery.min.js HTTP/1.1" 304 - "http://localhost:8080/SkAZ5nZD" "Mozilla/5.0 (Macintosh; Intel Mac OS X 10_11_2) AppleWebKit/537.36 (KHTML, like Gecko) Chrome/51.0.2704.103 Safari/537.36"
::1 - - [12/Jul/2016:00:30:06 +0000] "GET /SkAZ5nZD HTTP/1.1" 304 - "http://localhost:8080/SkAZ5nZD" "Mozilla/5.0 (Macintosh; Intel Mac OS X 10_11_2) AppleWebKit/537.36 (KHTML, like Gecko) Chrome/51.0.2704.103 Safari/537.36"
::1 - - [12/Jul/2016:00:30:06 +0000] "GET /css/bootstrap.min.css HTTP/1.1" 304 - "http://localhost:8080/SkAZ5nZD" "Mozilla/5.0 (Macintosh; Intel Mac OS X 10_11_2) AppleWebKit/537.36 (KHTML, like Gecko) Chrome/51.0.2704.103 Safari/537.36"
::1 - - [12/Jul/2016:00:30:06 +0000] "GET /js/bootstrap.min.js HTTP/1.1" 304 - "http://localhost:8080/SkAZ5nZD" "Mozilla/5.0 (Macintosh; Intel Mac OS X 10_11_2) AppleWebKit/537.36 (KHTML, like Gecko) Chrome/51.0.2704.103 Safari/537.36"
::1 - - [12/Jul/2016:00:30:06 +0000] "GET /js/jquery.min.js HTTP/1.1" 304 - "http://localhost:8080/SkAZ5nZD" "Mozilla/5.0 (Macintosh; Intel Mac OS X 10_11_2) AppleWebKit/537.36 (KHTML, like Gecko) Chrome/51.0.2704.103 Safari/537.36"
::1 - - [12/Jul/2016:00:30:07 +0000] "GET /SkAZ5nZD HTTP/1.1" 304 - "http://localhost:8080/SkAZ5nZD" "Mozilla/5.0 (Macintosh; Intel Mac OS X 10_11_2) AppleWebKit/537.36 (KHTML, like Gecko) Chrome/51.0.2704.103 Safari/537.36"
::1 - - [12/Jul/2016:00:30:07 +0000] "GET /css/bootstrap.min.css HTTP/1.1" 304 - "http://localhost:8080/SkAZ5nZD" "Mozilla/5.0 (Macintosh; Intel Mac OS X 10_11_2) AppleWebKit/537.36 (KHTML, like Gecko) Chrome/51.0.2704.103 Safari/537.36"
::1 - - [12/Jul/2016:00:30:07 +0000] "GET /js/bootstrap.min.js HTTP/1.1" 304 - "http://localhost:8080/SkAZ5nZD" "Mozilla/5.0 (Macintosh; Intel Mac OS X 10_11_2) AppleWebKit/537.36 (KHTML, like Gecko) Chrome/51.0.2704.103 Safari/537.36"
::1 - - [12/Jul/2016:00:30:07 +0000] "GET /js/jquery.min.js HTTP/1.1" 304 - "http://localhost:8080/SkAZ5nZD" "Mozilla/5.0 (Macintosh; Intel Mac OS X 10_11_2) AppleWebKit/537.36 (KHTML, like Gecko) Chrome/51.0.2704.103 Safari/537.36"
::1 - - [12/Jul/2016:00:30:08 +0000] "GET /SkAZ5nZD HTTP/1.1" 304 - "http://localhost:8080/SkAZ5nZD" "Mozilla/5.0 (Macintosh; Intel Mac OS X 10_11_2) AppleWebKit/537.36 (KHTML, like Gecko) Chrome/51.0.2704.103 Safari/537.36"
::1 - - [12/Jul/2016:00:30:08 +0000] "GET /css/bootstrap.min.css HTTP/1.1" 304 - "http://localhost:8080/SkAZ5nZD" "Mozilla/5.0 (Macintosh; Intel Mac OS X 10_11_2) AppleWebKit/537.36 (KHTML, like Gecko) Chrome/51.0.2704.103 Safari/537.36"
::1 - - [12/Jul/2016:00:30:08 +0000] "GET /js/bootstrap.min.js HTTP/1.1" 304 - "http://localhost:8080/SkAZ5nZD" "Mozilla/5.0 (Macintosh; Intel Mac OS X 10_11_2) AppleWebKit/537.36 (KHTML, like Gecko) Chrome/51.0.2704.103 Safari/537.36"
::1 - - [12/Jul/2016:00:30:08 +0000] "GET /js/jquery.min.js HTTP/1.1" 304 - "http://localhost:8080/SkAZ5nZD" "Mozilla/5.0 (Macintosh; Intel Mac OS X 10_11_2) AppleWebKit/537.36 (KHTML, like Gecko) Chrome/51.0.2704.103 Safari/537.36"
::1 - - [12/Jul/2016:00:30:09 +0000] "GET /SkAZ5nZD HTTP/1.1" 304 - "http://localhost:8080/SkAZ5nZD" "Mozilla/5.0 (Macintosh; Intel Mac OS X 10_11_2) AppleWebKit/537.36 (KHTML, like Gecko) Chrome/51.0.2704.103 Safari/537.36"
::1 - - [12/Jul/2016:00:30:09 +0000] "GET /css/bootstrap.min.css HTTP/1.1" 304 - "http://localhost:8080/SkAZ5nZD" "Mozilla/5.0 (Macintosh; Intel Mac OS X 10_11_2) AppleWebKit/537.36 (KHTML, like Gecko) Chrome/51.0.2704.103 Safari/537.36"
::1 - - [12/Jul/2016:00:30:09 +0000] "GET /js/jquery.min.js HTTP/1.1" 304 - "http://localhost:8080/SkAZ5nZD" "Mozilla/5.0 (Macintosh; Intel Mac OS X 10_11_2) AppleWebKit/537.36 (KHTML, like Gecko) Chrome/51.0.2704.103 Safari/537.36"
::1 - - [12/Jul/2016:00:30:09 +0000] "GET /js/bootstrap.min.js HTTP/1.1" 304 - "http://localhost:8080/SkAZ5nZD" "Mozilla/5.0 (Macintosh; Intel Mac OS X 10_11_2) AppleWebKit/537.36 (KHTML, like Gecko) Chrome/51.0.2704.103 Safari/537.36"
::1 - - [12/Jul/2016:00:30:10 +0000] "GET /r1P5VoWP HTTP/1.1" 304 - "http://localhost:8080/SkAZ5nZD" "Mozilla/5.0 (Macintosh; Intel Mac OS X 10_11_2) AppleWebKit/537.36 (KHTML, like Gecko) Chrome/51.0.2704.103 Safari/537.36"
::1 - - [12/Jul/2016:00:30:10 +0000] "GET /css/bootstrap.min.css HTTP/1.1" 304 - "http://localhost:8080/r1P5VoWP" "Mozilla/5.0 (Macintosh; Intel Mac OS X 10_11_2) AppleWebKit/537.36 (KHTML, like Gecko) Chrome/51.0.2704.103 Safari/537.36"
::1 - - [12/Jul/2016:00:30:10 +0000] "GET /js/jquery.min.js HTTP/1.1" 304 - "http://localhost:8080/r1P5VoWP" "Mozilla/5.0 (Macintosh; Intel Mac OS X 10_11_2) AppleWebKit/537.36 (KHTML, like Gecko) Chrome/51.0.2704.103 Safari/537.36"
::1 - - [12/Jul/2016:00:30:10 +0000] "GET /js/bootstrap.min.js HTTP/1.1" 304 - "http://localhost:8080/r1P5VoWP" "Mozilla/5.0 (Macintosh; Intel Mac OS X 10_11_2) AppleWebKit/537.36 (KHTML, like Gecko) Chrome/51.0.2704.103 Safari/537.36"
::1 - - [12/Jul/2016:00:30:10 +0000] "GET /SkAZ5nZD HTTP/1.1" 304 - "http://localhost:8080/r1P5VoWP" "Mozilla/5.0 (Macintosh; Intel Mac OS X 10_11_2) AppleWebKit/537.36 (KHTML, like Gecko) Chrome/51.0.2704.103 Safari/537.36"
::1 - - [12/Jul/2016:00:30:11 +0000] "GET /css/bootstrap.min.css HTTP/1.1" 304 - "http://localhost:8080/SkAZ5nZD" "Mozilla/5.0 (Macintosh; Intel Mac OS X 10_11_2) AppleWebKit/537.36 (KHTML, like Gecko) Chrome/51.0.2704.103 Safari/537.36"
::1 - - [12/Jul/2016:00:30:11 +0000] "GET /js/jquery.min.js HTTP/1.1" 304 - "http://localhost:8080/SkAZ5nZD" "Mozilla/5.0 (Macintosh; Intel Mac OS X 10_11_2) AppleWebKit/537.36 (KHTML, like Gecko) Chrome/51.0.2704.103 Safari/537.36"
::1 - - [12/Jul/2016:00:30:11 +0000] "GET /js/bootstrap.min.js HTTP/1.1" 304 - "http://localhost:8080/SkAZ5nZD" "Mozilla/5.0 (Macintosh; Intel Mac OS X 10_11_2) AppleWebKit/537.36 (KHTML, like Gecko) Chrome/51.0.2704.103 Safari/537.36"
::1 - - [12/Jul/2016:00:30:11 +0000] "GET /r1P5VoWP HTTP/1.1" 304 - "http://localhost:8080/SkAZ5nZD" "Mozilla/5.0 (Macintosh; Intel Mac OS X 10_11_2) AppleWebKit/537.36 (KHTML, like Gecko) Chrome/51.0.2704.103 Safari/537.36"
::1 - - [12/Jul/2016:00:30:12 +0000] "GET /css/bootstrap.min.css HTTP/1.1" 304 - "http://localhost:8080/r1P5VoWP" "Mozilla/5.0 (Macintosh; Intel Mac OS X 10_11_2) AppleWebKit/537.36 (KHTML, like Gecko) Chrome/51.0.2704.103 Safari/537.36"
::1 - - [12/Jul/2016:00:30:12 +0000] "GET /js/bootstrap.min.js HTTP/1.1" 304 - "http://localhost:8080/r1P5VoWP" "Mozilla/5.0 (Macintosh; Intel Mac OS X 10_11_2) AppleWebKit/537.36 (KHTML, like Gecko) Chrome/51.0.2704.103 Safari/537.36"
::1 - - [12/Jul/2016:00:30:12 +0000] "GET /js/jquery.min.js HTTP/1.1" 304 - "http://localhost:8080/r1P5VoWP" "Mozilla/5.0 (Macintosh; Intel Mac OS X 10_11_2) AppleWebKit/537.36 (KHTML, like Gecko) Chrome/51.0.2704.103 Safari/537.36"
::1 - - [12/Jul/2016:00:30:12 +0000] "GET /SkAZ5nZD HTTP/1.1" 304 - "http://localhost:8080/r1P5VoWP" "Mozilla/5.0 (Macintosh; Intel Mac OS X 10_11_2) AppleWebKit/537.36 (KHTML, like Gecko) Chrome/51.0.2704.103 Safari/537.36"
::1 - - [12/Jul/2016:00:30:13 +0000] "GET /css/bootstrap.min.css HTTP/1.1" 304 - "http://localhost:8080/SkAZ5nZD" "Mozilla/5.0 (Macintosh; Intel Mac OS X 10_11_2) AppleWebKit/537.36 (KHTML, like Gecko) Chrome/51.0.2704.103 Safari/537.36"
::1 - - [12/Jul/2016:00:30:13 +0000] "GET /js/bootstrap.min.js HTTP/1.1" 304 - "http://localhost:8080/SkAZ5nZD" "Mozilla/5.0 (Macintosh; Intel Mac OS X 10_11_2) AppleWebKit/537.36 (KHTML, like Gecko) Chrome/51.0.2704.103 Safari/537.36"
::1 - - [12/Jul/2016:00:30:13 +0000] "GET /js/jquery.min.js HTTP/1.1" 304 - "http://localhost:8080/SkAZ5nZD" "Mozilla/5.0 (Macintosh; Intel Mac OS X 10_11_2) AppleWebKit/537.36 (KHTML, like Gecko) Chrome/51.0.2704.103 Safari/537.36"
::1 - - [12/Jul/2016:00:30:26 +0000] "GET /SkAZ5nZD HTTP/1.1" 200 - "http://localhost:8080/r1P5VoWP" "Mozilla/5.0 (Macintosh; Intel Mac OS X 10_11_2) AppleWebKit/537.36 (KHTML, like Gecko) Chrome/51.0.2704.103 Safari/537.36"
::1 - - [12/Jul/2016:00:30:26 +0000] "GET /css/bootstrap.min.css HTTP/1.1" 304 - "http://localhost:8080/SkAZ5nZD" "Mozilla/5.0 (Macintosh; Intel Mac OS X 10_11_2) AppleWebKit/537.36 (KHTML, like Gecko) Chrome/51.0.2704.103 Safari/537.36"
::1 - - [12/Jul/2016:00:30:26 +0000] "GET /js/jquery.min.js HTTP/1.1" 304 - "http://localhost:8080/SkAZ5nZD" "Mozilla/5.0 (Macintosh; Intel Mac OS X 10_11_2) AppleWebKit/537.36 (KHTML, like Gecko) Chrome/51.0.2704.103 Safari/537.36"
::1 - - [12/Jul/2016:00:30:26 +0000] "GET /js/bootstrap.min.js HTTP/1.1" 304 - "http://localhost:8080/SkAZ5nZD" "Mozilla/5.0 (Macintosh; Intel Mac OS X 10_11_2) AppleWebKit/537.36 (KHTML, like Gecko) Chrome/51.0.2704.103 Safari/537.36"
::1 - - [12/Jul/2016:00:30:31 +0000] "GET /By5K4ibv HTTP/1.1" 200 - "http://localhost:8080/SkAZ5nZD" "Mozilla/5.0 (Macintosh; Intel Mac OS X 10_11_2) AppleWebKit/537.36 (KHTML, like Gecko) Chrome/51.0.2704.103 Safari/537.36"
::1 - - [12/Jul/2016:00:30:32 +0000] "GET /css/bootstrap.min.css HTTP/1.1" 304 - "http://localhost:8080/By5K4ibv" "Mozilla/5.0 (Macintosh; Intel Mac OS X 10_11_2) AppleWebKit/537.36 (KHTML, like Gecko) Chrome/51.0.2704.103 Safari/537.36"
::1 - - [12/Jul/2016:00:30:32 +0000] "GET /js/jquery.min.js HTTP/1.1" 304 - "http://localhost:8080/By5K4ibv" "Mozilla/5.0 (Macintosh; Intel Mac OS X 10_11_2) AppleWebKit/537.36 (KHTML, like Gecko) Chrome/51.0.2704.103 Safari/537.36"
::1 - - [12/Jul/2016:00:30:32 +0000] "GET /js/bootstrap.min.js HTTP/1.1" 304 - "http://localhost:8080/By5K4ibv" "Mozilla/5.0 (Macintosh; Intel Mac OS X 10_11_2) AppleWebKit/537.36 (KHTML, like Gecko) Chrome/51.0.2704.103 Safari/537.36"
::1 - - [12/Jul/2016:00:30:32 +0000] "GET /B1SMCETU HTTP/1.1" 200 - "http://localhost:8080/By5K4ibv" "Mozilla/5.0 (Macintosh; Intel Mac OS X 10_11_2) AppleWebKit/537.36 (KHTML, like Gecko) Chrome/51.0.2704.103 Safari/537.36"
::1 - - [12/Jul/2016:00:30:32 +0000] "GET /css/bootstrap.min.css HTTP/1.1" 304 - "http://localhost:8080/B1SMCETU" "Mozilla/5.0 (Macintosh; Intel Mac OS X 10_11_2) AppleWebKit/537.36 (KHTML, like Gecko) Chrome/51.0.2704.103 Safari/537.36"
::1 - - [12/Jul/2016:00:30:32 +0000] "GET /js/bootstrap.min.js HTTP/1.1" 304 - "http://localhost:8080/B1SMCETU" "Mozilla/5.0 (Macintosh; Intel Mac OS X 10_11_2) AppleWebKit/537.36 (KHTML, like Gecko) Chrome/51.0.2704.103 Safari/537.36"
::1 - - [12/Jul/2016:00:30:32 +0000] "GET /js/jquery.min.js HTTP/1.1" 304 - "http://localhost:8080/B1SMCETU" "Mozilla/5.0 (Macintosh; Intel Mac OS X 10_11_2) AppleWebKit/537.36 (KHTML, like Gecko) Chrome/51.0.2704.103 Safari/537.36"
::1 - - [12/Jul/2016:01:03:28 +0000] "GET / HTTP/1.1" 200 - "-" "Mozilla/5.0 (Macintosh; Intel Mac OS X 10_11_2) AppleWebKit/537.36 (KHTML, like Gecko) Chrome/51.0.2704.103 Safari/537.36"
::1 - - [12/Jul/2016:01:03:29 +0000] "GET /css/bootstrap.min.css HTTP/1.1" 304 - "http://localhost:8080/" "Mozilla/5.0 (Macintosh; Intel Mac OS X 10_11_2) AppleWebKit/537.36 (KHTML, like Gecko) Chrome/51.0.2704.103 Safari/537.36"
::1 - - [12/Jul/2016:01:03:29 +0000] "GET /js/jquery.min.js HTTP/1.1" 304 - "http://localhost:8080/" "Mozilla/5.0 (Macintosh; Intel Mac OS X 10_11_2) AppleWebKit/537.36 (KHTML, like Gecko) Chrome/51.0.2704.103 Safari/537.36"
::1 - - [12/Jul/2016:01:03:29 +0000] "GET /js/bootstrap.min.js HTTP/1.1" 304 - "http://localhost:8080/" "Mozilla/5.0 (Macintosh; Intel Mac OS X 10_11_2) AppleWebKit/537.36 (KHTML, like Gecko) Chrome/51.0.2704.103 Safari/537.36"
::1 - - [12/Jul/2016:01:03:35 +0000] "GET /B1SMCETU HTTP/1.1" 304 - "http://localhost:8080/" "Mozilla/5.0 (Macintosh; Intel Mac OS X 10_11_2) AppleWebKit/537.36 (KHTML, like Gecko) Chrome/51.0.2704.103 Safari/537.36"
::1 - - [12/Jul/2016:01:03:36 +0000] "GET /css/bootstrap.min.css HTTP/1.1" 304 - "http://localhost:8080/B1SMCETU" "Mozilla/5.0 (Macintosh; Intel Mac OS X 10_11_2) AppleWebKit/537.36 (KHTML, like Gecko) Chrome/51.0.2704.103 Safari/537.36"
::1 - - [12/Jul/2016:01:03:36 +0000] "GET /js/bootstrap.min.js HTTP/1.1" 304 - "http://localhost:8080/B1SMCETU" "Mozilla/5.0 (Macintosh; Intel Mac OS X 10_11_2) AppleWebKit/537.36 (KHTML, like Gecko) Chrome/51.0.2704.103 Safari/537.36"
::1 - - [12/Jul/2016:01:03:36 +0000] "GET /js/jquery.min.js HTTP/1.1" 304 - "http://localhost:8080/B1SMCETU" "Mozilla/5.0 (Macintosh; Intel Mac OS X 10_11_2) AppleWebKit/537.36 (KHTML, like Gecko) Chrome/51.0.2704.103 Safari/537.36"
::1 - - [12/Jul/2016:01:03:37 +0000] "GET /rym8XVZw HTTP/1.1" 200 - "http://localhost:8080/B1SMCETU" "Mozilla/5.0 (Macintosh; Intel Mac OS X 10_11_2) AppleWebKit/537.36 (KHTML, like Gecko) Chrome/51.0.2704.103 Safari/537.36"
::1 - - [12/Jul/2016:01:03:37 +0000] "GET /css/bootstrap.min.css HTTP/1.1" 304 - "http://localhost:8080/rym8XVZw" "Mozilla/5.0 (Macintosh; Intel Mac OS X 10_11_2) AppleWebKit/537.36 (KHTML, like Gecko) Chrome/51.0.2704.103 Safari/537.36"
::1 - - [12/Jul/2016:01:03:37 +0000] "GET /js/bootstrap.min.js HTTP/1.1" 304 - "http://localhost:8080/rym8XVZw" "Mozilla/5.0 (Macintosh; Intel Mac OS X 10_11_2) AppleWebKit/537.36 (KHTML, like Gecko) Chrome/51.0.2704.103 Safari/537.36"
::1 - - [12/Jul/2016:01:03:37 +0000] "GET /js/jquery.min.js HTTP/1.1" 304 - "http://localhost:8080/rym8XVZw" "Mozilla/5.0 (Macintosh; Intel Mac OS X 10_11_2) AppleWebKit/537.36 (KHTML, like Gecko) Chrome/51.0.2704.103 Safari/537.36"
::1 - - [12/Jul/2016:01:03:38 +0000] "GET /snippets HTTP/1.1" 200 - "http://localhost:8080/rym8XVZw" "Mozilla/5.0 (Macintosh; Intel Mac OS X 10_11_2) AppleWebKit/537.36 (KHTML, like Gecko) Chrome/51.0.2704.103 Safari/537.36"
::1 - - [12/Jul/2016:01:03:38 +0000] "GET /css/bootstrap.min.css HTTP/1.1" 304 - "http://localhost:8080/snippets" "Mozilla/5.0 (Macintosh; Intel Mac OS X 10_11_2) AppleWebKit/537.36 (KHTML, like Gecko) Chrome/51.0.2704.103 Safari/537.36"
::1 - - [12/Jul/2016:01:03:38 +0000] "GET /js/jquery.min.js HTTP/1.1" 304 - "http://localhost:8080/snippets" "Mozilla/5.0 (Macintosh; Intel Mac OS X 10_11_2) AppleWebKit/537.36 (KHTML, like Gecko) Chrome/51.0.2704.103 Safari/537.36"
::1 - - [12/Jul/2016:01:03:38 +0000] "GET /js/bootstrap.min.js HTTP/1.1" 304 - "http://localhost:8080/snippets" "Mozilla/5.0 (Macintosh; Intel Mac OS X 10_11_2) AppleWebKit/537.36 (KHTML, like Gecko) Chrome/51.0.2704.103 Safari/537.36"
::1 - - [12/Jul/2016:01:03:44 +0000] "GET / HTTP/1.1" 200 - "http://localhost:8080/snippets" "Mozilla/5.0 (Macintosh; Intel Mac OS X 10_11_2) AppleWebKit/537.36 (KHTML, like Gecko) Chrome/51.0.2704.103 Safari/537.36"
::1 - - [12/Jul/2016:01:03:44 +0000] "GET /css/bootstrap.min.css HTTP/1.1" 304 - "http://localhost:8080/" "Mozilla/5.0 (Macintosh; Intel Mac OS X 10_11_2) AppleWebKit/537.36 (KHTML, like Gecko) Chrome/51.0.2704.103 Safari/537.36"
::1 - - [12/Jul/2016:01:03:44 +0000] "GET /js/bootstrap.min.js HTTP/1.1" 304 - "http://localhost:8080/" "Mozilla/5.0 (Macintosh; Intel Mac OS X 10_11_2) AppleWebKit/537.36 (KHTML, like Gecko) Chrome/51.0.2704.103 Safari/537.36"
::1 - - [12/Jul/2016:01:03:44 +0000] "GET /js/jquery.min.js HTTP/1.1" 304 - "http://localhost:8080/" "Mozilla/5.0 (Macintosh; Intel Mac OS X 10_11_2) AppleWebKit/537.36 (KHTML, like Gecko) Chrome/51.0.2704.103 Safari/537.36"
::1 - - [12/Jul/2016:01:04:14 +0000] "GET /logout HTTP/1.1" 302 46 "http://localhost:8080/" "Mozilla/5.0 (Macintosh; Intel Mac OS X 10_11_2) AppleWebKit/537.36 (KHTML, like Gecko) Chrome/51.0.2704.103 Safari/537.36"
::1 - - [12/Jul/2016:01:04:14 +0000] "GET / HTTP/1.1" 200 - "http://localhost:8080/" "Mozilla/5.0 (Macintosh; Intel Mac OS X 10_11_2) AppleWebKit/537.36 (KHTML, like Gecko) Chrome/51.0.2704.103 Safari/537.36"
::1 - - [12/Jul/2016:01:04:15 +0000] "GET /css/bootstrap.min.css HTTP/1.1" 304 - "http://localhost:8080/" "Mozilla/5.0 (Macintosh; Intel Mac OS X 10_11_2) AppleWebKit/537.36 (KHTML, like Gecko) Chrome/51.0.2704.103 Safari/537.36"
::1 - - [12/Jul/2016:01:04:15 +0000] "GET /js/bootstrap.min.js HTTP/1.1" 304 - "http://localhost:8080/" "Mozilla/5.0 (Macintosh; Intel Mac OS X 10_11_2) AppleWebKit/537.36 (KHTML, like Gecko) Chrome/51.0.2704.103 Safari/537.36"
::1 - - [12/Jul/2016:01:04:15 +0000] "GET /js/jquery.min.js HTTP/1.1" 304 - "http://localhost:8080/" "Mozilla/5.0 (Macintosh; Intel Mac OS X 10_11_2) AppleWebKit/537.36 (KHTML, like Gecko) Chrome/51.0.2704.103 Safari/537.36"
